#
# A fatal error has been detected by the Java Runtime Environment:
#
#  SIGILL (0x4) at pc=0x00007f42fc47ce83, pid=34695, tid=34713
#
# JRE version: OpenJDK Runtime Environment (11.0.18+10) (build 11.0.18+10-post-Debian-1deb11u1)
# Java VM: OpenJDK 64-Bit Server VM (11.0.18+10-post-Debian-1deb11u1, mixed mode, sharing, tiered, compressed oops, g1 gc, linux-amd64)
# Problematic frame:
# J 4910 c1 com.sun.tools.javac.code.Type$ClassType.getEnclosingType()Lcom/sun/tools/javac/code/Type;
[error occurred during error reporting (printing problematic frame), id 0xb, SIGSEGV (0xb) at pc=0x00007f4311a33b26]

# No core dump will be written. Core dumps have been disabled. To enable core dumping, try "ulimit -c unlimited" before starting Java again
#
# If you would like to submit a bug report, please visit:
#   https://bugs.debian.org/openjdk-11
#

---------------  S U M M A R Y ------------

Command Line: -Dclassworlds.conf=/usr/share/maven/bin/m2.conf -Dmaven.home=/usr/share/maven -Dlibrary.jansi.path=/usr/share/maven/lib/jansi-native -Dmaven.multiModuleProjectDirectory=/home/guilherme/javeiro/api-de-controle-livros org.codehaus.plexus.classworlds.launcher.Launcher spring-boot:run

Host: AMD C-60 APU with Radeon(tm) HD Graphics, 2 cores, 7G, MX 21.3 Wildflower
Time: Fri Sep  8 13:23:00 2023 -03 elapsed time: 92.339394 seconds (0d 0h 1m 32s)

---------------  T H R E A D  ---------------

Current thread (0x00007f430c016800):  JavaThread "main" [_thread_in_Java, id=34713, stack(0x00007f4310edd000,0x00007f4310fde000)]

Stack: [0x00007f4310edd000,0x00007f4310fde000],  sp=0x00007f4310fda678,  free space=1013k
Native frames: (J=compiled Java code, A=aot compiled Java code, j=interpreted, Vv=VM code, C=native code)
J 4910 c1 com.sun.tools.javac.code.Type$ClassType.getEnclosingType()Lcom/sun/tools/javac/code/Type;
[error occurred during error reporting (printing native stack), id 0xb, SIGSEGV (0xb) at pc=0x00007f4311a33b26]


siginfo: si_signo: 4 (SIGILL), si_code: 2 (ILL_ILLOPN), si_addr: 0x00007f42fc47ce83

Register to memory mapping:

RAX=0x00000008402026d8 is a pointer to class: 

[error occurred during error reporting (printing register info), id 0xb, SIGSEGV (0xb) at pc=0x00007f4311ec76ca]

Registers:
RAX=0x00000008402026d8, RBX=0x00007f42e4b3ed18, RCX=0x00000008402026d8, RDX=0x000000009ce80bf0
RSP=0x00007f4310fda678, RBP=0x00007f4310fdacd8, RSI=0x0000000090599028, RDI=0x00007f42e453afc8
R8 =0x0000000008040e04, R9 =0x000000008f801a18, R10=0x00007f43127c3000, R11=0x00000000000002c0
R12=0x0000000000000000, R13=0x000000008f801d00, R14=0x0000000000000000, R15=0x00007f430c016800
RIP=0x00007f42fc47ce83, EFLAGS=0x0000000000010282, CSGSFS=0x002b000000000033, ERR=0x0000000000000000
  TRAPNO=0x0000000000000006

Top of Stack: (sp=0x00007f4310fda678)
0x00007f4310fda678:   00007f42f5ef2d84 000000008d8bb220
0x00007f4310fda688:   000000008f000000 00007f4310fdacd8
0x00007f4310fda698:   00007f42f5a99544 000000009c60f420
0x00007f4310fda6a8:   000000008fcaa2d8 00007f4310fdacd8 

Instructions: (pc=0x00007f42fc47ce83)
0x00007f42fc47cd83:   00 00 00 00 00 40 ce 47 fc 42 7f 00 00 80 ce 47
0x00007f42fc47cd93:   fc 42 7f 00 00 40 ce 47 fc 42 7f 00 00 50 02 00
0x00007f42fc47cda3:   00 11 02 00 00 b0 01 00 00 50 02 00 00 80 02 00
0x00007f42fc47cdb3:   00 88 02 00 00 00 00 00 00 90 02 00 00 b0 02 00
0x00007f42fc47cdc3:   00 b8 02 00 00 b8 02 00 00 b8 02 00 00 20 00 00
0x00007f42fc47cdd3:   00 2e 13 00 00 01 00 00 00 00 00 00 00 00 00 00
0x00007f42fc47cde3:   00 02 00 00 00 00 00 00 00 00 00 00 00 00 00 00
0x00007f42fc47cdf3:   00 00 00 00 00 df 01 00 00 ff ff ff ff ff ff ff
0x00007f42fc47ce03:   ff 00 00 00 00 1b 60 40 b0 34 64 11 00 00 64 03
0x00007f42fc47ce13:   f8 20 12 7e 74 43 7f 05 70 0e 64 01 f8 9e ff 06
0x00007f42fc47ce23:   90 0c 64 00 00 00 00 00 00 00 00 00 00 00 00 00
0x00007f42fc47ce33:   00 00 00 00 00 00 00 00 00 00 00 00 00 44 8b 56
0x00007f42fc47ce43:   08 49 c1 e2 03 49 bc 00 00 00 00 08 00 00 00 4d
0x00007f42fc47ce53:   03 d4 4d 33 e4 4c 3b d0 0f 85 1f 62 3c f8 66 66
0x00007f42fc47ce63:   66 0f 1f 84 00 00 00 00 00 66 66 0f 1f 84 00 00
0x00007f42fc47ce73:   00 00 00 66 66 0f 1f 84 00 00 00 00 00 89 84 24
0x00007f42fc47ce83:   00 c0 fe ff 55 48 83 ec 30 8b 46 18 48 83 c4 30
0x00007f42fc47ce93:   5d 4d 8b 97 08 01 00 00 41 85 02 c3 90 90 49 8b
0x00007f42fc47cea3:   87 40 04 00 00 49 ba 00 00 00 00 00 00 00 00 4d
0x00007f42fc47ceb3:   89 97 40 04 00 00 49 ba 00 00 00 00 00 00 00 00
0x00007f42fc47cec3:   4d 89 97 48 04 00 00 48 83 c4 30 5d e9 ac e5 3d
0x00007f42fc47ced3:   f8 f4 f4 f4 f4 f4 f4 f4 f4 f4 f4 f4 f4 e8 1b e3
0x00007f42fc47cee3:   46 f8 48 bf 7e 74 20 12 43 7f 00 00 48 83 e4 f0
0x00007f42fc47cef3:   e8 08 bb 93 15 f4 49 ba f9 ce 47 fc 42 7f 00 00
0x00007f42fc47cf03:   41 52 e9 96 54 3c f8 f4 f4 f4 f4 f4 f4 10 fb 52
0x00007f42fc47cf13:   8c 00 00 00 00 ff 00 00 00 00 00 00 00 ff ff ff
0x00007f42fc47cf23:   ff 00 00 00 00 00 00 00 00 00 00 00 00 d1 00 00
0x00007f42fc47cf33:   00 00 00 00 00 00 00 00 00 00 00 00 00 00 00 00
0x00007f42fc47cf43:   00 00 00 00 00 00 00 00 00 00 00 00 00 00 00 00
0x00007f42fc47cf53:   00 00 00 00 00 00 00 00 00 00 00 00 00 00 00 00
0x00007f42fc47cf63:   00 00 00 00 00 00 00 00 00 00 00 00 00 00 00 00
0x00007f42fc47cf73:   00 00 00 00 00 00 00 00 00 00 00 00 00 06 00 00 


Stack slot to memory mapping:
stack at sp + 0 slots: 0x00007f42f5ef2d84 is at entry_point+1988 in (nmethod*)0x00007f42f5ef1f10
stack at sp + 1 slots: 0x000000008d8bb220 is an oop: com.sun.tools.javac.util.SharedNameTable$NameImpl 
{0x000000008d8bb220} - klass: 'com/sun/tools/javac/util/SharedNameTable$NameImpl'
 - ---- fields (total size 4 words):
 - public final 'table' 'Lcom/sun/tools/javac/util/Name$Table;' @12  a 'com/sun/tools/javac/util/SharedNameTable'{0x000000008d88cdf0} (8d88cdf0)
 - 'index' 'I' @16  2527 (9df)
 - 'length' 'I' @20  14 (e)
 - 'next' 'Lcom/sun/tools/javac/util/SharedNameTable$NameImpl;' @24  NULL (0)
stack at sp + 2 slots: 0x000000008f000000 points into unknown readable memory: 0x0000000000000001 | 01 00 00 00 00 00 00 00
stack at sp + 3 slots: 0x00007f4310fdacd8 is pointing into the stack for thread: 0x00007f430c016800
stack at sp + 4 slots: 0x00007f42f5a99544 is at entry_point+292 in (nmethod*)0x00007f42f5a99110
stack at sp + 5 slots: 0x000000009c60f420 is an oop: 
[error occurred during error reporting (inspecting top of stack), id 0xb, SIGSEGV (0xb) at pc=0x00007f4311ebb2d0]



---------------  P R O C E S S  ---------------

Threads class SMR info:
_java_thread_list=0x00007f430c148400, length=9, elements={
0x00007f430c016800, 0x00007f430c0fc000, 0x00007f430c0fe000, 0x00007f430c103800,
0x00007f430c105800, 0x00007f430c107800, 0x00007f430c109800, 0x00007f430c10b800,
0x00007f430c147000
}

Java Threads: ( => current thread )
=>0x00007f430c016800 JavaThread "main" [_thread_in_Java, id=34713, stack(0x00007f4310edd000,0x00007f4310fde000)]
  0x00007f430c0fc000 JavaThread "Reference Handler" daemon [_thread_blocked, id=34720, stack(0x00007f42ec319000,0x00007f42ec41a000)]
  0x00007f430c0fe000 JavaThread "Finalizer" daemon [_thread_blocked, id=34721, stack(0x00007f42ec218000,0x00007f42ec319000)]
  0x00007f430c103800 JavaThread "Signal Dispatcher" daemon [_thread_blocked, id=34722, stack(0x00007f42ec117000,0x00007f42ec218000)]
  0x00007f430c105800 JavaThread "Service Thread" daemon [_thread_blocked, id=34723, stack(0x00007f42ec016000,0x00007f42ec117000)]
  0x00007f430c107800 JavaThread "C2 CompilerThread0" daemon [_thread_in_vm, id=34724, stack(0x00007f42e56ff000,0x00007f42e5800000)]
  0x00007f430c109800 JavaThread "C1 CompilerThread0" daemon [_thread_blocked, id=34725, stack(0x00007f42e55fe000,0x00007f42e56ff000)]
  0x00007f430c10b800 JavaThread "Sweeper thread" daemon [_thread_blocked, id=34726, stack(0x00007f42e54fd000,0x00007f42e55fe000)]
  0x00007f430c147000 JavaThread "Common-Cleaner" daemon [_thread_blocked, id=34728, stack(0x00007f42e52fa000,0x00007f42e53fb000)]

Other Threads:
  0x00007f430c0f9000 VMThread "VM Thread" [stack: 0x00007f42ec41c000,0x00007f42ec51c000] [id=34719]
  0x00007f430c144800 WatcherThread [stack: 0x00007f42e53fd000,0x00007f42e54fd000] [id=34727]
  0x00007f430c02d800 GCTaskThread "GC Thread#0" [stack: 0x00007f4310b8f000,0x00007f4310c8f000] [id=34714]
  0x00007f42d8001000 GCTaskThread "GC Thread#1" [stack: 0x00007f42e51b1000,0x00007f42e52b1000] [id=34729]
  0x00007f430c05c000 ConcurrentGCThread "G1 Main Marker" [stack: 0x00007f4310111000,0x00007f4310211000] [id=34715]
  0x00007f430c05e000 ConcurrentGCThread "G1 Conc#0" [stack: 0x00007f431000f000,0x00007f431010f000] [id=34716]
  0x00007f430c0c7000 ConcurrentGCThread "G1 Refine#0" [stack: 0x00007f42f4158000,0x00007f42f4258000] [id=34717]
  0x00007f430c0c8800 ConcurrentGCThread "G1 Young RemSet Sampling" [stack: 0x00007f42f4056000,0x00007f42f4156000] [id=34718]

Threads with active compile tasks:
C2 CompilerThread0    92361 9660       4       com.sun.tools.javac.code.Symbol$TypeSymbol::formFlatName (92 bytes)

VM state:not at safepoint (normal execution)

VM Mutex/Monitor currently owned by a thread:  ([mutex/lock_event])
[0x00007f430c013fd0] Compile_lock - owner thread: 0x00007f430c107800
[0x00007f430c014180] MethodCompileQueue_lock - owner thread: 0x00007f430c107800

Heap address: 0x000000008c400000, size: 1852 MB, Compressed Oops mode: 32-bit
Narrow klass base: 0x0000000800000000, Narrow klass shift: 3
Compressed class space size: 1073741824 Address: 0x0000000840000000

Heap:
 garbage-first heap   total 276480K, used 97676K [0x000000008c400000, 0x0000000100000000)
  region size 1024K, 25 young (25600K), 2 survivors (2048K)
 Metaspace       used 37540K, capacity 38684K, committed 39076K, reserved 1083392K
  class space    used 4038K, capacity 4495K, committed 4608K, reserved 1048576K
Heap Regions: E=young(eden), S=young(survivor), O=old, HS=humongous(starts), HC=humongous(continues), CS=collection set, F=free, A=archive, TAMS=top-at-mark-start (previous, next)
|   0|0x000000008c400000, 0x000000008c500000, 0x000000008c500000|100%| O|  |TAMS 0x000000008c500000, 0x000000008c400000| Untracked 
|   1|0x000000008c500000, 0x000000008c600000, 0x000000008c600000|100%| O|  |TAMS 0x000000008c600000, 0x000000008c500000| Untracked 
|   2|0x000000008c600000, 0x000000008c700000, 0x000000008c700000|100%| O|  |TAMS 0x000000008c700000, 0x000000008c600000| Untracked 
|   3|0x000000008c700000, 0x000000008c800000, 0x000000008c800000|100%| O|  |TAMS 0x000000008c800000, 0x000000008c700000| Untracked 
|   4|0x000000008c800000, 0x000000008c900000, 0x000000008c900000|100%| O|  |TAMS 0x000000008c900000, 0x000000008c800000| Untracked 
|   5|0x000000008c900000, 0x000000008ca00000, 0x000000008ca00000|100%| O|  |TAMS 0x000000008ca00000, 0x000000008c900000| Untracked 
|   6|0x000000008ca00000, 0x000000008cb00000, 0x000000008cb00000|100%| O|  |TAMS 0x000000008cb00000, 0x000000008ca00000| Untracked 
|   7|0x000000008cb00000, 0x000000008cc00000, 0x000000008cc00000|100%| O|  |TAMS 0x000000008cc00000, 0x000000008cb00000| Untracked 
|   8|0x000000008cc00000, 0x000000008cd00000, 0x000000008cd00000|100%| O|  |TAMS 0x000000008cd00000, 0x000000008cc00000| Untracked 
|   9|0x000000008cd00000, 0x000000008ce00000, 0x000000008ce00000|100%| O|  |TAMS 0x000000008ce00000, 0x000000008cd00000| Untracked 
|  10|0x000000008ce00000, 0x000000008cf00000, 0x000000008cf00000|100%| O|  |TAMS 0x000000008cf00000, 0x000000008ce00000| Untracked 
|  11|0x000000008cf00000, 0x000000008d000000, 0x000000008d000000|100%| O|  |TAMS 0x000000008d000000, 0x000000008cf00000| Untracked 
|  12|0x000000008d000000, 0x000000008d100000, 0x000000008d100000|100%|HS|  |TAMS 0x000000008d100000, 0x000000008d000000| Complete 
|  13|0x000000008d100000, 0x000000008d200000, 0x000000008d200000|100%| O|  |TAMS 0x000000008d200000, 0x000000008d100000| Untracked 
|  14|0x000000008d200000, 0x000000008d300000, 0x000000008d300000|100%| O|  |TAMS 0x000000008d300000, 0x000000008d200000| Untracked 
|  15|0x000000008d300000, 0x000000008d400000, 0x000000008d400000|100%| O|  |TAMS 0x000000008d400000, 0x000000008d300000| Untracked 
|  16|0x000000008d400000, 0x000000008d500000, 0x000000008d500000|100%| O|  |TAMS 0x000000008d500000, 0x000000008d400000| Untracked 
|  17|0x000000008d500000, 0x000000008d600000, 0x000000008d600000|100%| O|  |TAMS 0x000000008d600000, 0x000000008d500000| Untracked 
|  18|0x000000008d600000, 0x000000008d700000, 0x000000008d700000|100%| O|  |TAMS 0x000000008d700000, 0x000000008d600000| Untracked 
|  19|0x000000008d700000, 0x000000008d800000, 0x000000008d800000|100%| O|  |TAMS 0x000000008d800000, 0x000000008d700000| Untracked 
|  20|0x000000008d800000, 0x000000008d900000, 0x000000008d900000|100%| O|  |TAMS 0x000000008d900000, 0x000000008d800000| Untracked 
|  21|0x000000008d900000, 0x000000008da00000, 0x000000008da00000|100%| O|  |TAMS 0x000000008da00000, 0x000000008d900000| Untracked 
|  22|0x000000008da00000, 0x000000008db00000, 0x000000008db00000|100%| O|  |TAMS 0x000000008db00000, 0x000000008da00000| Untracked 
|  23|0x000000008db00000, 0x000000008dc00000, 0x000000008dc00000|100%| O|  |TAMS 0x000000008dc00000, 0x000000008db00000| Untracked 
|  24|0x000000008dc00000, 0x000000008dd00000, 0x000000008dd00000|100%| O|  |TAMS 0x000000008dd00000, 0x000000008dc00000| Untracked 
|  25|0x000000008dd00000, 0x000000008de00000, 0x000000008de00000|100%| O|  |TAMS 0x000000008dd00000, 0x000000008dd00000| Untracked 
|  26|0x000000008de00000, 0x000000008df00000, 0x000000008df00000|100%| O|  |TAMS 0x000000008df00000, 0x000000008de00000| Untracked 
|  27|0x000000008df00000, 0x000000008e000000, 0x000000008e000000|100%| O|  |TAMS 0x000000008e000000, 0x000000008df00000| Untracked 
|  28|0x000000008e000000, 0x000000008e100000, 0x000000008e100000|100%| O|  |TAMS 0x000000008e100000, 0x000000008e000000| Untracked 
|  29|0x000000008e100000, 0x000000008e200000, 0x000000008e200000|100%| O|  |TAMS 0x000000008e200000, 0x000000008e100000| Untracked 
|  30|0x000000008e200000, 0x000000008e300000, 0x000000008e300000|100%| O|  |TAMS 0x000000008e300000, 0x000000008e200000| Untracked 
|  31|0x000000008e300000, 0x000000008e400000, 0x000000008e400000|100%| O|  |TAMS 0x000000008e400000, 0x000000008e300000| Untracked 
|  32|0x000000008e400000, 0x000000008e500000, 0x000000008e500000|100%| O|  |TAMS 0x000000008e500000, 0x000000008e400000| Untracked 
|  33|0x000000008e500000, 0x000000008e600000, 0x000000008e600000|100%| O|  |TAMS 0x000000008e600000, 0x000000008e500000| Untracked 
|  34|0x000000008e600000, 0x000000008e700000, 0x000000008e700000|100%| O|  |TAMS 0x000000008e700000, 0x000000008e600000| Untracked 
|  35|0x000000008e700000, 0x000000008e800000, 0x000000008e800000|100%| O|  |TAMS 0x000000008e800000, 0x000000008e700000| Untracked 
|  36|0x000000008e800000, 0x000000008e900000, 0x000000008e900000|100%| O|  |TAMS 0x000000008e900000, 0x000000008e800000| Untracked 
|  37|0x000000008e900000, 0x000000008ea00000, 0x000000008ea00000|100%| O|  |TAMS 0x000000008ea00000, 0x000000008e900000| Untracked 
|  38|0x000000008ea00000, 0x000000008eb00000, 0x000000008eb00000|100%| O|  |TAMS 0x000000008eb00000, 0x000000008ea00000| Untracked 
|  39|0x000000008eb00000, 0x000000008ec00000, 0x000000008ec00000|100%| O|  |TAMS 0x000000008ec00000, 0x000000008eb00000| Untracked 
|  40|0x000000008ec00000, 0x000000008ed00000, 0x000000008ed00000|100%| O|  |TAMS 0x000000008ed00000, 0x000000008ec00000| Untracked 
|  41|0x000000008ed00000, 0x000000008ee00000, 0x000000008ee00000|100%| O|  |TAMS 0x000000008ed26000, 0x000000008ed00000| Untracked 
|  42|0x000000008ee00000, 0x000000008ef00000, 0x000000008ef00000|100%| O|  |TAMS 0x000000008ee00000, 0x000000008ee00000| Untracked 
|  43|0x000000008ef00000, 0x000000008f000000, 0x000000008f000000|100%| O|  |TAMS 0x000000008ef00000, 0x000000008ef00000| Untracked 
|  44|0x000000008f000000, 0x000000008f100000, 0x000000008f100000|100%|HS|  |TAMS 0x000000008f000000, 0x000000008f000000| Complete 
|  45|0x000000008f100000, 0x000000008f200000, 0x000000008f200000|100%|HC|  |TAMS 0x000000008f100000, 0x000000008f100000| Complete 
|  46|0x000000008f200000, 0x000000008f300000, 0x000000008f300000|100%| O|  |TAMS 0x000000008f200000, 0x000000008f200000| Untracked 
|  47|0x000000008f300000, 0x000000008f400000, 0x000000008f400000|100%|HS|  |TAMS 0x000000008f300000, 0x000000008f300000| Complete 
|  48|0x000000008f400000, 0x000000008f500000, 0x000000008f500000|100%| O|  |TAMS 0x000000008f400000, 0x000000008f400000| Untracked 
|  49|0x000000008f500000, 0x000000008f600000, 0x000000008f600000|100%| O|  |TAMS 0x000000008f500000, 0x000000008f500000| Untracked 
|  50|0x000000008f600000, 0x000000008f700000, 0x000000008f700000|100%| O|  |TAMS 0x000000008f600000, 0x000000008f600000| Untracked 
|  51|0x000000008f700000, 0x000000008f800000, 0x000000008f800000|100%| O|  |TAMS 0x000000008f700000, 0x000000008f700000| Untracked 
|  52|0x000000008f800000, 0x000000008f900000, 0x000000008f900000|100%| O|  |TAMS 0x000000008f800000, 0x000000008f800000| Untracked 
|  53|0x000000008f900000, 0x000000008fa00000, 0x000000008fa00000|100%| O|  |TAMS 0x000000008f900000, 0x000000008f900000| Untracked 
|  54|0x000000008fa00000, 0x000000008fb00000, 0x000000008fb00000|100%| O|  |TAMS 0x000000008fa00000, 0x000000008fa00000| Untracked 
|  55|0x000000008fb00000, 0x000000008fc00000, 0x000000008fc00000|100%| O|  |TAMS 0x000000008fb00000, 0x000000008fb00000| Untracked 
|  56|0x000000008fc00000, 0x000000008fd00000, 0x000000008fd00000|100%| O|  |TAMS 0x000000008fc00000, 0x000000008fc00000| Untracked 
|  57|0x000000008fd00000, 0x000000008fe00000, 0x000000008fe00000|100%| O|  |TAMS 0x000000008fd00000, 0x000000008fd00000| Untracked 
|  58|0x000000008fe00000, 0x000000008ff00000, 0x000000008ff00000|100%| O|  |TAMS 0x000000008fe00000, 0x000000008fe00000| Untracked 
|  59|0x000000008ff00000, 0x0000000090000000, 0x0000000090000000|100%| O|  |TAMS 0x0000000090000000, 0x000000008ff00000| Untracked 
|  60|0x0000000090000000, 0x0000000090100000, 0x0000000090100000|100%| O|  |TAMS 0x0000000090100000, 0x0000000090000000| Untracked 
|  61|0x0000000090100000, 0x0000000090200000, 0x0000000090200000|100%| O|  |TAMS 0x0000000090200000, 0x0000000090100000| Untracked 
|  62|0x0000000090200000, 0x0000000090300000, 0x0000000090300000|100%| O|  |TAMS 0x0000000090300000, 0x0000000090200000| Untracked 
|  63|0x0000000090300000, 0x0000000090400000, 0x0000000090400000|100%| O|  |TAMS 0x0000000090300000, 0x0000000090300000| Untracked 
|  64|0x0000000090400000, 0x0000000090500000, 0x0000000090500000|100%| O|  |TAMS 0x0000000090400000, 0x0000000090400000| Untracked 
|  65|0x0000000090500000, 0x0000000090600000, 0x0000000090600000|100%| O|  |TAMS 0x0000000090500000, 0x0000000090500000| Untracked 
|  66|0x0000000090600000, 0x0000000090700000, 0x0000000090700000|100%| O|  |TAMS 0x0000000090600000, 0x0000000090600000| Untracked 
|  67|0x0000000090700000, 0x0000000090800000, 0x0000000090800000|100%| O|  |TAMS 0x0000000090700000, 0x0000000090700000| Untracked 
|  68|0x0000000090800000, 0x0000000090900000, 0x0000000090900000|100%| O|  |TAMS 0x0000000090800000, 0x0000000090800000| Untracked 
|  69|0x0000000090900000, 0x0000000090a00000, 0x0000000090a00000|100%| O|  |TAMS 0x0000000090900000, 0x0000000090900000| Untracked 
|  70|0x0000000090a00000, 0x0000000090b00000, 0x0000000090b00000|100%| O|  |TAMS 0x0000000090a00000, 0x0000000090a00000| Untracked 
|  71|0x0000000090b00000, 0x0000000090b80000, 0x0000000090c00000| 50%| O|  |TAMS 0x0000000090b00000, 0x0000000090b00000| Untracked 
|  72|0x0000000090c00000, 0x0000000090c00000, 0x0000000090d00000|  0%| F|  |TAMS 0x0000000090c00000, 0x0000000090c00000| Untracked 
|  73|0x0000000090d00000, 0x0000000090d00000, 0x0000000090e00000|  0%| F|  |TAMS 0x0000000090d00000, 0x0000000090d00000| Untracked 
|  74|0x0000000090e00000, 0x0000000090e00000, 0x0000000090f00000|  0%| F|  |TAMS 0x0000000090e00000, 0x0000000090e00000| Untracked 
|  75|0x0000000090f00000, 0x0000000090f00000, 0x0000000091000000|  0%| F|  |TAMS 0x0000000090f00000, 0x0000000090f00000| Untracked 
|  76|0x0000000091000000, 0x0000000091000000, 0x0000000091100000|  0%| F|  |TAMS 0x0000000091000000, 0x0000000091000000| Untracked 
|  77|0x0000000091100000, 0x0000000091100000, 0x0000000091200000|  0%| F|  |TAMS 0x0000000091100000, 0x0000000091100000| Untracked 
|  78|0x0000000091200000, 0x0000000091200000, 0x0000000091300000|  0%| F|  |TAMS 0x0000000091200000, 0x0000000091200000| Untracked 
|  79|0x0000000091300000, 0x0000000091300000, 0x0000000091400000|  0%| F|  |TAMS 0x0000000091300000, 0x0000000091300000| Untracked 
|  80|0x0000000091400000, 0x0000000091400000, 0x0000000091500000|  0%| F|  |TAMS 0x0000000091400000, 0x0000000091400000| Untracked 
|  81|0x0000000091500000, 0x0000000091500000, 0x0000000091600000|  0%| F|  |TAMS 0x0000000091500000, 0x0000000091500000| Untracked 
|  82|0x0000000091600000, 0x0000000091600000, 0x0000000091700000|  0%| F|  |TAMS 0x0000000091600000, 0x0000000091600000| Untracked 
|  83|0x0000000091700000, 0x0000000091700000, 0x0000000091800000|  0%| F|  |TAMS 0x0000000091700000, 0x0000000091700000| Untracked 
|  84|0x0000000091800000, 0x0000000091800000, 0x0000000091900000|  0%| F|  |TAMS 0x0000000091800000, 0x0000000091800000| Untracked 
|  85|0x0000000091900000, 0x0000000091900000, 0x0000000091a00000|  0%| F|  |TAMS 0x0000000091900000, 0x0000000091900000| Untracked 
|  86|0x0000000091a00000, 0x0000000091a00000, 0x0000000091b00000|  0%| F|  |TAMS 0x0000000091a00000, 0x0000000091a00000| Untracked 
|  87|0x0000000091b00000, 0x0000000091b00000, 0x0000000091c00000|  0%| F|  |TAMS 0x0000000091b00000, 0x0000000091b00000| Untracked 
|  88|0x0000000091c00000, 0x0000000091c00000, 0x0000000091d00000|  0%| F|  |TAMS 0x0000000091c00000, 0x0000000091c00000| Untracked 
|  89|0x0000000091d00000, 0x0000000091d00000, 0x0000000091e00000|  0%| F|  |TAMS 0x0000000091d00000, 0x0000000091d00000| Untracked 
|  90|0x0000000091e00000, 0x0000000091e00000, 0x0000000091f00000|  0%| F|  |TAMS 0x0000000091e00000, 0x0000000091e00000| Untracked 
|  91|0x0000000091f00000, 0x0000000091f00000, 0x0000000092000000|  0%| F|  |TAMS 0x0000000091f00000, 0x0000000091f00000| Untracked 
|  92|0x0000000092000000, 0x0000000092000000, 0x0000000092100000|  0%| F|  |TAMS 0x0000000092000000, 0x0000000092000000| Untracked 
|  93|0x0000000092100000, 0x0000000092100000, 0x0000000092200000|  0%| F|  |TAMS 0x0000000092100000, 0x0000000092100000| Untracked 
|  94|0x0000000092200000, 0x0000000092200000, 0x0000000092300000|  0%| F|  |TAMS 0x0000000092200000, 0x0000000092200000| Untracked 
|  95|0x0000000092300000, 0x0000000092300000, 0x0000000092400000|  0%| F|  |TAMS 0x0000000092300000, 0x0000000092300000| Untracked 
|  96|0x0000000092400000, 0x0000000092400000, 0x0000000092500000|  0%| F|  |TAMS 0x0000000092400000, 0x0000000092400000| Untracked 
|  97|0x0000000092500000, 0x0000000092500000, 0x0000000092600000|  0%| F|  |TAMS 0x0000000092500000, 0x0000000092500000| Untracked 
|  98|0x0000000092600000, 0x0000000092600000, 0x0000000092700000|  0%| F|  |TAMS 0x0000000092600000, 0x0000000092600000| Untracked 
|  99|0x0000000092700000, 0x0000000092700000, 0x0000000092800000|  0%| F|  |TAMS 0x0000000092700000, 0x0000000092700000| Untracked 
| 100|0x0000000092800000, 0x0000000092800000, 0x0000000092900000|  0%| F|  |TAMS 0x0000000092800000, 0x0000000092800000| Untracked 
| 101|0x0000000092900000, 0x0000000092900000, 0x0000000092a00000|  0%| F|  |TAMS 0x0000000092900000, 0x0000000092900000| Untracked 
| 102|0x0000000092a00000, 0x0000000092a00000, 0x0000000092b00000|  0%| F|  |TAMS 0x0000000092a00000, 0x0000000092a00000| Untracked 
| 103|0x0000000092b00000, 0x0000000092b00000, 0x0000000092c00000|  0%| F|  |TAMS 0x0000000092b00000, 0x0000000092b00000| Untracked 
| 104|0x0000000092c00000, 0x0000000092c00000, 0x0000000092d00000|  0%| F|  |TAMS 0x0000000092c00000, 0x0000000092c00000| Untracked 
| 105|0x0000000092d00000, 0x0000000092d00000, 0x0000000092e00000|  0%| F|  |TAMS 0x0000000092d00000, 0x0000000092d00000| Untracked 
| 106|0x0000000092e00000, 0x0000000092e00000, 0x0000000092f00000|  0%| F|  |TAMS 0x0000000092e00000, 0x0000000092e00000| Untracked 
| 107|0x0000000092f00000, 0x0000000092f00000, 0x0000000093000000|  0%| F|  |TAMS 0x0000000092f00000, 0x0000000092f00000| Untracked 
| 108|0x0000000093000000, 0x0000000093000000, 0x0000000093100000|  0%| F|  |TAMS 0x0000000093000000, 0x0000000093000000| Untracked 
| 109|0x0000000093100000, 0x0000000093100000, 0x0000000093200000|  0%| F|  |TAMS 0x0000000093100000, 0x0000000093100000| Untracked 
| 110|0x0000000093200000, 0x0000000093200000, 0x0000000093300000|  0%| F|  |TAMS 0x0000000093200000, 0x0000000093200000| Untracked 
| 111|0x0000000093300000, 0x0000000093300000, 0x0000000093400000|  0%| F|  |TAMS 0x0000000093300000, 0x0000000093300000| Untracked 
| 112|0x0000000093400000, 0x0000000093400000, 0x0000000093500000|  0%| F|  |TAMS 0x0000000093400000, 0x0000000093400000| Untracked 
| 113|0x0000000093500000, 0x0000000093500000, 0x0000000093600000|  0%| F|  |TAMS 0x0000000093500000, 0x0000000093500000| Untracked 
| 114|0x0000000093600000, 0x0000000093600000, 0x0000000093700000|  0%| F|  |TAMS 0x0000000093600000, 0x0000000093600000| Untracked 
| 115|0x0000000093700000, 0x0000000093700000, 0x0000000093800000|  0%| F|  |TAMS 0x0000000093700000, 0x0000000093700000| Untracked 
| 116|0x0000000093800000, 0x0000000093800000, 0x0000000093900000|  0%| F|  |TAMS 0x0000000093800000, 0x0000000093800000| Untracked 
| 117|0x0000000093900000, 0x0000000093900000, 0x0000000093a00000|  0%| F|  |TAMS 0x0000000093900000, 0x0000000093900000| Untracked 
| 118|0x0000000093a00000, 0x0000000093a00000, 0x0000000093b00000|  0%| F|  |TAMS 0x0000000093a00000, 0x0000000093a00000| Untracked 
| 119|0x0000000093b00000, 0x0000000093b00000, 0x0000000093c00000|  0%| F|  |TAMS 0x0000000093b00000, 0x0000000093b00000| Untracked 
| 120|0x0000000093c00000, 0x0000000093c00000, 0x0000000093d00000|  0%| F|  |TAMS 0x0000000093c00000, 0x0000000093c00000| Untracked 
| 121|0x0000000093d00000, 0x0000000093d00000, 0x0000000093e00000|  0%| F|  |TAMS 0x0000000093d00000, 0x0000000093d00000| Untracked 
| 122|0x0000000093e00000, 0x0000000093e00000, 0x0000000093f00000|  0%| F|  |TAMS 0x0000000093e00000, 0x0000000093e00000| Untracked 
| 123|0x0000000093f00000, 0x0000000093f00000, 0x0000000094000000|  0%| F|  |TAMS 0x0000000093f00000, 0x0000000093f00000| Untracked 
| 124|0x0000000094000000, 0x0000000094000000, 0x0000000094100000|  0%| F|  |TAMS 0x0000000094000000, 0x0000000094000000| Untracked 
| 125|0x0000000094100000, 0x0000000094100000, 0x0000000094200000|  0%| F|  |TAMS 0x0000000094100000, 0x0000000094100000| Untracked 
| 126|0x0000000094200000, 0x0000000094200000, 0x0000000094300000|  0%| F|  |TAMS 0x0000000094200000, 0x0000000094200000| Untracked 
| 127|0x0000000094300000, 0x0000000094300000, 0x0000000094400000|  0%| F|  |TAMS 0x0000000094300000, 0x0000000094300000| Untracked 
| 128|0x0000000094400000, 0x0000000094400000, 0x0000000094500000|  0%| F|  |TAMS 0x0000000094400000, 0x0000000094400000| Untracked 
| 129|0x0000000094500000, 0x0000000094500000, 0x0000000094600000|  0%| F|  |TAMS 0x0000000094500000, 0x0000000094500000| Untracked 
| 130|0x0000000094600000, 0x0000000094600000, 0x0000000094700000|  0%| F|  |TAMS 0x0000000094600000, 0x0000000094600000| Untracked 
| 131|0x0000000094700000, 0x0000000094700000, 0x0000000094800000|  0%| F|  |TAMS 0x0000000094700000, 0x0000000094700000| Untracked 
| 132|0x0000000094800000, 0x0000000094800000, 0x0000000094900000|  0%| F|  |TAMS 0x0000000094800000, 0x0000000094800000| Untracked 
| 133|0x0000000094900000, 0x0000000094900000, 0x0000000094a00000|  0%| F|  |TAMS 0x0000000094900000, 0x0000000094900000| Untracked 
| 134|0x0000000094a00000, 0x0000000094a00000, 0x0000000094b00000|  0%| F|  |TAMS 0x0000000094a00000, 0x0000000094a00000| Untracked 
| 135|0x0000000094b00000, 0x0000000094b00000, 0x0000000094c00000|  0%| F|  |TAMS 0x0000000094b00000, 0x0000000094b00000| Untracked 
| 136|0x0000000094c00000, 0x0000000094c00000, 0x0000000094d00000|  0%| F|  |TAMS 0x0000000094c00000, 0x0000000094c00000| Untracked 
| 137|0x0000000094d00000, 0x0000000094d00000, 0x0000000094e00000|  0%| F|  |TAMS 0x0000000094d00000, 0x0000000094d00000| Untracked 
| 138|0x0000000094e00000, 0x0000000094e00000, 0x0000000094f00000|  0%| F|  |TAMS 0x0000000094e00000, 0x0000000094e00000| Untracked 
| 139|0x0000000094f00000, 0x0000000094f00000, 0x0000000095000000|  0%| F|  |TAMS 0x0000000094f00000, 0x0000000094f00000| Untracked 
| 140|0x0000000095000000, 0x0000000095000000, 0x0000000095100000|  0%| F|  |TAMS 0x0000000095000000, 0x0000000095000000| Untracked 
| 141|0x0000000095100000, 0x0000000095100000, 0x0000000095200000|  0%| F|  |TAMS 0x0000000095100000, 0x0000000095100000| Untracked 
| 142|0x0000000095200000, 0x0000000095200000, 0x0000000095300000|  0%| F|  |TAMS 0x0000000095200000, 0x0000000095200000| Untracked 
| 143|0x0000000095300000, 0x0000000095300000, 0x0000000095400000|  0%| F|  |TAMS 0x0000000095300000, 0x0000000095300000| Untracked 
| 144|0x0000000095400000, 0x0000000095400000, 0x0000000095500000|  0%| F|  |TAMS 0x0000000095400000, 0x0000000095400000| Untracked 
| 145|0x0000000095500000, 0x0000000095500000, 0x0000000095600000|  0%| F|  |TAMS 0x0000000095500000, 0x0000000095500000| Untracked 
| 146|0x0000000095600000, 0x0000000095600000, 0x0000000095700000|  0%| F|  |TAMS 0x0000000095600000, 0x0000000095600000| Untracked 
| 147|0x0000000095700000, 0x0000000095700000, 0x0000000095800000|  0%| F|  |TAMS 0x0000000095700000, 0x0000000095700000| Untracked 
| 148|0x0000000095800000, 0x0000000095800000, 0x0000000095900000|  0%| F|  |TAMS 0x0000000095800000, 0x0000000095800000| Untracked 
| 149|0x0000000095900000, 0x0000000095900000, 0x0000000095a00000|  0%| F|  |TAMS 0x0000000095900000, 0x0000000095900000| Untracked 
| 150|0x0000000095a00000, 0x0000000095a00000, 0x0000000095b00000|  0%| F|  |TAMS 0x0000000095a00000, 0x0000000095a00000| Untracked 
| 151|0x0000000095b00000, 0x0000000095b00000, 0x0000000095c00000|  0%| F|  |TAMS 0x0000000095b00000, 0x0000000095b00000| Untracked 
| 152|0x0000000095c00000, 0x0000000095c00000, 0x0000000095d00000|  0%| F|  |TAMS 0x0000000095c00000, 0x0000000095c00000| Untracked 
| 153|0x0000000095d00000, 0x0000000095d00000, 0x0000000095e00000|  0%| F|  |TAMS 0x0000000095d00000, 0x0000000095d00000| Untracked 
| 154|0x0000000095e00000, 0x0000000095e00000, 0x0000000095f00000|  0%| F|  |TAMS 0x0000000095e00000, 0x0000000095e00000| Untracked 
| 155|0x0000000095f00000, 0x0000000095f00000, 0x0000000096000000|  0%| F|  |TAMS 0x0000000095f00000, 0x0000000095f00000| Untracked 
| 156|0x0000000096000000, 0x0000000096000000, 0x0000000096100000|  0%| F|  |TAMS 0x0000000096000000, 0x0000000096000000| Untracked 
| 157|0x0000000096100000, 0x0000000096100000, 0x0000000096200000|  0%| F|  |TAMS 0x0000000096100000, 0x0000000096100000| Untracked 
| 158|0x0000000096200000, 0x0000000096200000, 0x0000000096300000|  0%| F|  |TAMS 0x0000000096200000, 0x0000000096200000| Untracked 
| 159|0x0000000096300000, 0x0000000096300000, 0x0000000096400000|  0%| F|  |TAMS 0x0000000096300000, 0x0000000096300000| Untracked 
| 160|0x0000000096400000, 0x0000000096400000, 0x0000000096500000|  0%| F|  |TAMS 0x0000000096400000, 0x0000000096400000| Untracked 
| 161|0x0000000096500000, 0x0000000096500000, 0x0000000096600000|  0%| F|  |TAMS 0x0000000096500000, 0x0000000096500000| Untracked 
| 162|0x0000000096600000, 0x0000000096600000, 0x0000000096700000|  0%| F|  |TAMS 0x0000000096600000, 0x0000000096600000| Untracked 
| 163|0x0000000096700000, 0x0000000096700000, 0x0000000096800000|  0%| F|  |TAMS 0x0000000096700000, 0x0000000096700000| Untracked 
| 164|0x0000000096800000, 0x0000000096800000, 0x0000000096900000|  0%| F|  |TAMS 0x0000000096800000, 0x0000000096800000| Untracked 
| 165|0x0000000096900000, 0x0000000096900000, 0x0000000096a00000|  0%| F|  |TAMS 0x0000000096900000, 0x0000000096900000| Untracked 
| 166|0x0000000096a00000, 0x0000000096a00000, 0x0000000096b00000|  0%| F|  |TAMS 0x0000000096a00000, 0x0000000096a00000| Untracked 
| 167|0x0000000096b00000, 0x0000000096b00000, 0x0000000096c00000|  0%| F|  |TAMS 0x0000000096b00000, 0x0000000096b00000| Untracked 
| 168|0x0000000096c00000, 0x0000000096c00000, 0x0000000096d00000|  0%| F|  |TAMS 0x0000000096c00000, 0x0000000096c00000| Untracked 
| 169|0x0000000096d00000, 0x0000000096d00000, 0x0000000096e00000|  0%| F|  |TAMS 0x0000000096d00000, 0x0000000096d00000| Untracked 
| 170|0x0000000096e00000, 0x0000000096e00000, 0x0000000096f00000|  0%| F|  |TAMS 0x0000000096e00000, 0x0000000096e00000| Untracked 
| 171|0x0000000096f00000, 0x0000000096f00000, 0x0000000097000000|  0%| F|  |TAMS 0x0000000096f00000, 0x0000000096f00000| Untracked 
| 172|0x0000000097000000, 0x0000000097000000, 0x0000000097100000|  0%| F|  |TAMS 0x0000000097000000, 0x0000000097000000| Untracked 
| 173|0x0000000097100000, 0x0000000097100000, 0x0000000097200000|  0%| F|  |TAMS 0x0000000097100000, 0x0000000097100000| Untracked 
| 174|0x0000000097200000, 0x0000000097200000, 0x0000000097300000|  0%| F|  |TAMS 0x0000000097200000, 0x0000000097200000| Untracked 
| 175|0x0000000097300000, 0x0000000097300000, 0x0000000097400000|  0%| F|  |TAMS 0x0000000097300000, 0x0000000097300000| Untracked 
| 176|0x0000000097400000, 0x0000000097400000, 0x0000000097500000|  0%| F|  |TAMS 0x0000000097400000, 0x0000000097400000| Untracked 
| 177|0x0000000097500000, 0x0000000097500000, 0x0000000097600000|  0%| F|  |TAMS 0x0000000097500000, 0x0000000097500000| Untracked 
| 178|0x0000000097600000, 0x0000000097600000, 0x0000000097700000|  0%| F|  |TAMS 0x0000000097600000, 0x0000000097600000| Untracked 
| 179|0x0000000097700000, 0x0000000097700000, 0x0000000097800000|  0%| F|  |TAMS 0x0000000097700000, 0x0000000097700000| Untracked 
| 180|0x0000000097800000, 0x0000000097800000, 0x0000000097900000|  0%| F|  |TAMS 0x0000000097800000, 0x0000000097800000| Untracked 
| 181|0x0000000097900000, 0x0000000097900000, 0x0000000097a00000|  0%| F|  |TAMS 0x0000000097900000, 0x0000000097900000| Untracked 
| 182|0x0000000097a00000, 0x0000000097a00000, 0x0000000097b00000|  0%| F|  |TAMS 0x0000000097a00000, 0x0000000097a00000| Untracked 
| 183|0x0000000097b00000, 0x0000000097b00000, 0x0000000097c00000|  0%| F|  |TAMS 0x0000000097b00000, 0x0000000097b00000| Untracked 
| 184|0x0000000097c00000, 0x0000000097c00000, 0x0000000097d00000|  0%| F|  |TAMS 0x0000000097c00000, 0x0000000097c00000| Untracked 
| 185|0x0000000097d00000, 0x0000000097d00000, 0x0000000097e00000|  0%| F|  |TAMS 0x0000000097d00000, 0x0000000097d00000| Untracked 
| 186|0x0000000097e00000, 0x0000000097e00000, 0x0000000097f00000|  0%| F|  |TAMS 0x0000000097e00000, 0x0000000097e00000| Untracked 
| 187|0x0000000097f00000, 0x0000000097f00000, 0x0000000098000000|  0%| F|  |TAMS 0x0000000097f00000, 0x0000000097f00000| Untracked 
| 188|0x0000000098000000, 0x0000000098000000, 0x0000000098100000|  0%| F|  |TAMS 0x0000000098000000, 0x0000000098000000| Untracked 
| 189|0x0000000098100000, 0x0000000098100000, 0x0000000098200000|  0%| F|  |TAMS 0x0000000098100000, 0x0000000098100000| Untracked 
| 190|0x0000000098200000, 0x0000000098200000, 0x0000000098300000|  0%| F|  |TAMS 0x0000000098200000, 0x0000000098200000| Untracked 
| 191|0x0000000098300000, 0x0000000098300000, 0x0000000098400000|  0%| F|  |TAMS 0x0000000098300000, 0x0000000098300000| Untracked 
| 192|0x0000000098400000, 0x0000000098400000, 0x0000000098500000|  0%| F|  |TAMS 0x0000000098400000, 0x0000000098400000| Untracked 
| 193|0x0000000098500000, 0x0000000098500000, 0x0000000098600000|  0%| F|  |TAMS 0x0000000098500000, 0x0000000098500000| Untracked 
| 194|0x0000000098600000, 0x0000000098600000, 0x0000000098700000|  0%| F|  |TAMS 0x0000000098600000, 0x0000000098600000| Untracked 
| 195|0x0000000098700000, 0x0000000098700000, 0x0000000098800000|  0%| F|  |TAMS 0x0000000098700000, 0x0000000098700000| Untracked 
| 196|0x0000000098800000, 0x0000000098800000, 0x0000000098900000|  0%| F|  |TAMS 0x0000000098800000, 0x0000000098800000| Untracked 
| 197|0x0000000098900000, 0x0000000098900000, 0x0000000098a00000|  0%| F|  |TAMS 0x0000000098900000, 0x0000000098900000| Untracked 
| 198|0x0000000098a00000, 0x0000000098a00000, 0x0000000098b00000|  0%| F|  |TAMS 0x0000000098a00000, 0x0000000098a00000| Untracked 
| 199|0x0000000098b00000, 0x0000000098b00000, 0x0000000098c00000|  0%| F|  |TAMS 0x0000000098b00000, 0x0000000098b00000| Untracked 
| 200|0x0000000098c00000, 0x0000000098c00000, 0x0000000098d00000|  0%| F|  |TAMS 0x0000000098c00000, 0x0000000098c00000| Untracked 
| 201|0x0000000098d00000, 0x0000000098d00000, 0x0000000098e00000|  0%| F|  |TAMS 0x0000000098d00000, 0x0000000098d00000| Untracked 
| 202|0x0000000098e00000, 0x0000000098e00000, 0x0000000098f00000|  0%| F|  |TAMS 0x0000000098e00000, 0x0000000098e00000| Untracked 
| 203|0x0000000098f00000, 0x0000000098f00000, 0x0000000099000000|  0%| F|  |TAMS 0x0000000098f00000, 0x0000000098f00000| Untracked 
| 204|0x0000000099000000, 0x0000000099000000, 0x0000000099100000|  0%| F|  |TAMS 0x0000000099000000, 0x0000000099000000| Untracked 
| 205|0x0000000099100000, 0x0000000099100000, 0x0000000099200000|  0%| F|  |TAMS 0x0000000099100000, 0x0000000099100000| Untracked 
| 206|0x0000000099200000, 0x0000000099200000, 0x0000000099300000|  0%| F|  |TAMS 0x0000000099200000, 0x0000000099200000| Untracked 
| 207|0x0000000099300000, 0x0000000099300000, 0x0000000099400000|  0%| F|  |TAMS 0x0000000099300000, 0x0000000099300000| Untracked 
| 208|0x0000000099400000, 0x0000000099400000, 0x0000000099500000|  0%| F|  |TAMS 0x0000000099400000, 0x0000000099400000| Untracked 
| 209|0x0000000099500000, 0x0000000099500000, 0x0000000099600000|  0%| F|  |TAMS 0x0000000099500000, 0x0000000099500000| Untracked 
| 210|0x0000000099600000, 0x0000000099600000, 0x0000000099700000|  0%| F|  |TAMS 0x0000000099600000, 0x0000000099600000| Untracked 
| 211|0x0000000099700000, 0x0000000099700000, 0x0000000099800000|  0%| F|  |TAMS 0x0000000099700000, 0x0000000099700000| Untracked 
| 212|0x0000000099800000, 0x0000000099800000, 0x0000000099900000|  0%| F|  |TAMS 0x0000000099800000, 0x0000000099800000| Untracked 
| 213|0x0000000099900000, 0x00000000999302f8, 0x0000000099a00000| 18%| S|CS|TAMS 0x0000000099900000, 0x0000000099900000| Complete 
| 214|0x0000000099a00000, 0x0000000099b00000, 0x0000000099b00000|100%| S|CS|TAMS 0x0000000099a00000, 0x0000000099a00000| Complete 
| 215|0x0000000099b00000, 0x0000000099b00000, 0x0000000099c00000|  0%| F|  |TAMS 0x0000000099b00000, 0x0000000099b00000| Untracked 
| 216|0x0000000099c00000, 0x0000000099c00000, 0x0000000099d00000|  0%| F|  |TAMS 0x0000000099c00000, 0x0000000099c00000| Untracked 
| 217|0x0000000099d00000, 0x0000000099d00000, 0x0000000099e00000|  0%| F|  |TAMS 0x0000000099d00000, 0x0000000099d00000| Untracked 
| 218|0x0000000099e00000, 0x0000000099e00000, 0x0000000099f00000|  0%| F|  |TAMS 0x0000000099e00000, 0x0000000099e00000| Untracked 
| 219|0x0000000099f00000, 0x0000000099f00000, 0x000000009a000000|  0%| F|  |TAMS 0x0000000099f00000, 0x0000000099f00000| Untracked 
| 220|0x000000009a000000, 0x000000009a000000, 0x000000009a100000|  0%| F|  |TAMS 0x000000009a000000, 0x000000009a000000| Untracked 
| 221|0x000000009a100000, 0x000000009a100000, 0x000000009a200000|  0%| F|  |TAMS 0x000000009a100000, 0x000000009a100000| Untracked 
| 222|0x000000009a200000, 0x000000009a200000, 0x000000009a300000|  0%| F|  |TAMS 0x000000009a200000, 0x000000009a200000| Untracked 
| 223|0x000000009a300000, 0x000000009a300000, 0x000000009a400000|  0%| F|  |TAMS 0x000000009a300000, 0x000000009a300000| Untracked 
| 224|0x000000009a400000, 0x000000009a400000, 0x000000009a500000|  0%| F|  |TAMS 0x000000009a400000, 0x000000009a400000| Untracked 
| 225|0x000000009a500000, 0x000000009a500000, 0x000000009a600000|  0%| F|  |TAMS 0x000000009a500000, 0x000000009a500000| Untracked 
| 226|0x000000009a600000, 0x000000009a600000, 0x000000009a700000|  0%| F|  |TAMS 0x000000009a600000, 0x000000009a600000| Untracked 
| 227|0x000000009a700000, 0x000000009a700000, 0x000000009a800000|  0%| F|  |TAMS 0x000000009a700000, 0x000000009a700000| Untracked 
| 228|0x000000009a800000, 0x000000009a800000, 0x000000009a900000|  0%| F|  |TAMS 0x000000009a800000, 0x000000009a800000| Untracked 
| 229|0x000000009a900000, 0x000000009a900000, 0x000000009aa00000|  0%| F|  |TAMS 0x000000009a900000, 0x000000009a900000| Untracked 
| 230|0x000000009aa00000, 0x000000009aa00000, 0x000000009ab00000|  0%| F|  |TAMS 0x000000009aa00000, 0x000000009aa00000| Untracked 
| 231|0x000000009ab00000, 0x000000009ab00000, 0x000000009ac00000|  0%| F|  |TAMS 0x000000009ab00000, 0x000000009ab00000| Untracked 
| 232|0x000000009ac00000, 0x000000009ac00000, 0x000000009ad00000|  0%| F|  |TAMS 0x000000009ac00000, 0x000000009ac00000| Untracked 
| 233|0x000000009ad00000, 0x000000009ad00000, 0x000000009ae00000|  0%| F|  |TAMS 0x000000009ad00000, 0x000000009ad00000| Untracked 
| 234|0x000000009ae00000, 0x000000009ae00000, 0x000000009af00000|  0%| F|  |TAMS 0x000000009ae00000, 0x000000009ae00000| Untracked 
| 235|0x000000009af00000, 0x000000009af00000, 0x000000009b000000|  0%| F|  |TAMS 0x000000009af00000, 0x000000009af00000| Untracked 
| 236|0x000000009b000000, 0x000000009b000000, 0x000000009b100000|  0%| F|  |TAMS 0x000000009b000000, 0x000000009b000000| Untracked 
| 237|0x000000009b100000, 0x000000009b100000, 0x000000009b200000|  0%| F|  |TAMS 0x000000009b100000, 0x000000009b100000| Untracked 
| 238|0x000000009b200000, 0x000000009b200000, 0x000000009b300000|  0%| F|  |TAMS 0x000000009b200000, 0x000000009b200000| Untracked 
| 239|0x000000009b300000, 0x000000009b300000, 0x000000009b400000|  0%| F|  |TAMS 0x000000009b300000, 0x000000009b300000| Untracked 
| 240|0x000000009b400000, 0x000000009b400000, 0x000000009b500000|  0%| F|  |TAMS 0x000000009b400000, 0x000000009b400000| Untracked 
| 241|0x000000009b500000, 0x000000009b500000, 0x000000009b600000|  0%| F|  |TAMS 0x000000009b500000, 0x000000009b500000| Untracked 
| 242|0x000000009b600000, 0x000000009b600000, 0x000000009b700000|  0%| F|  |TAMS 0x000000009b600000, 0x000000009b600000| Untracked 
| 243|0x000000009b700000, 0x000000009b700000, 0x000000009b800000|  0%| F|  |TAMS 0x000000009b700000, 0x000000009b700000| Untracked 
| 244|0x000000009b800000, 0x000000009b800000, 0x000000009b900000|  0%| F|  |TAMS 0x000000009b800000, 0x000000009b800000| Untracked 
| 245|0x000000009b900000, 0x000000009b980800, 0x000000009ba00000| 50%| E|  |TAMS 0x000000009b900000, 0x000000009b900000| Complete 
| 246|0x000000009ba00000, 0x000000009bb00000, 0x000000009bb00000|100%| E|CS|TAMS 0x000000009ba00000, 0x000000009ba00000| Complete 
| 247|0x000000009bb00000, 0x000000009bc00000, 0x000000009bc00000|100%| E|CS|TAMS 0x000000009bb00000, 0x000000009bb00000| Complete 
| 248|0x000000009bc00000, 0x000000009bd00000, 0x000000009bd00000|100%| E|CS|TAMS 0x000000009bc00000, 0x000000009bc00000| Complete 
| 249|0x000000009bd00000, 0x000000009be00000, 0x000000009be00000|100%| E|CS|TAMS 0x000000009bd00000, 0x000000009bd00000| Complete 
| 250|0x000000009be00000, 0x000000009bf00000, 0x000000009bf00000|100%| E|CS|TAMS 0x000000009be00000, 0x000000009be00000| Complete 
| 251|0x000000009bf00000, 0x000000009c000000, 0x000000009c000000|100%| E|CS|TAMS 0x000000009bf00000, 0x000000009bf00000| Complete 
| 252|0x000000009c000000, 0x000000009c100000, 0x000000009c100000|100%| E|CS|TAMS 0x000000009c000000, 0x000000009c000000| Complete 
| 253|0x000000009c100000, 0x000000009c200000, 0x000000009c200000|100%| E|CS|TAMS 0x000000009c100000, 0x000000009c100000| Complete 
| 254|0x000000009c200000, 0x000000009c300000, 0x000000009c300000|100%| E|CS|TAMS 0x000000009c200000, 0x000000009c200000| Complete 
| 255|0x000000009c300000, 0x000000009c400000, 0x000000009c400000|100%| E|CS|TAMS 0x000000009c300000, 0x000000009c300000| Complete 
| 256|0x000000009c400000, 0x000000009c500000, 0x000000009c500000|100%| E|CS|TAMS 0x000000009c400000, 0x000000009c400000| Complete 
| 257|0x000000009c500000, 0x000000009c600000, 0x000000009c600000|100%| E|CS|TAMS 0x000000009c500000, 0x000000009c500000| Complete 
| 258|0x000000009c600000, 0x000000009c700000, 0x000000009c700000|100%| E|CS|TAMS 0x000000009c600000, 0x000000009c600000| Complete 
| 259|0x000000009c700000, 0x000000009c800000, 0x000000009c800000|100%| E|CS|TAMS 0x000000009c700000, 0x000000009c700000| Complete 
| 260|0x000000009c800000, 0x000000009c900000, 0x000000009c900000|100%| E|CS|TAMS 0x000000009c800000, 0x000000009c800000| Complete 
| 261|0x000000009c900000, 0x000000009ca00000, 0x000000009ca00000|100%| E|CS|TAMS 0x000000009c900000, 0x000000009c900000| Complete 
| 262|0x000000009ca00000, 0x000000009cb00000, 0x000000009cb00000|100%| E|CS|TAMS 0x000000009ca00000, 0x000000009ca00000| Complete 
| 263|0x000000009cb00000, 0x000000009cc00000, 0x000000009cc00000|100%| E|CS|TAMS 0x000000009cb00000, 0x000000009cb00000| Complete 
| 264|0x000000009cc00000, 0x000000009cd00000, 0x000000009cd00000|100%| E|CS|TAMS 0x000000009cc00000, 0x000000009cc00000| Complete 
| 265|0x000000009cd00000, 0x000000009ce00000, 0x000000009ce00000|100%| E|CS|TAMS 0x000000009cd00000, 0x000000009cd00000| Complete 
| 266|0x000000009ce00000, 0x000000009cf00000, 0x000000009cf00000|100%| E|CS|TAMS 0x000000009ce00000, 0x000000009ce00000| Complete 
| 267|0x000000009cf00000, 0x000000009d000000, 0x000000009d000000|100%| E|CS|TAMS 0x000000009cf00000, 0x000000009cf00000| Complete 
|1850|0x00000000ffe00000, 0x00000000ffe48000, 0x00000000fff00000| 28%|OA|  |TAMS 0x00000000ffe48000, 0x00000000ffe00000| Untracked 
|1851|0x00000000fff00000, 0x00000000fff6b000, 0x0000000100000000| 41%|CA|  |TAMS 0x00000000fff6b000, 0x00000000fff00000| Untracked 

Card table byte_map: [0x00007f431024f000,0x00007f43105ed000] _byte_map_base: 0x00007f430fded000

Marking Bits (Prev, Next): (CMBitMap*) 0x00007f430c054018, (CMBitMap*) 0x00007f430c054050
 Prev Bits: [0x00007f42ee310000, 0x00007f42f0000000)
 Next Bits: [0x00007f42ec620000, 0x00007f42ee310000)

Polling page: 0x00007f43127c2000

Metaspace:

Usage:
  Non-class:     33,39 MB capacity,    32,72 MB ( 98%) used,   581,16 KB (  2%) free+waste,   105,88 KB ( <1%) overhead. 
      Class:      4,39 MB capacity,     3,94 MB ( 90%) used,   409,67 KB (  9%) free+waste,    46,94 KB (  1%) overhead. 
       Both:     37,78 MB capacity,    36,66 MB ( 97%) used,   990,83 KB (  3%) free+waste,   152,81 KB ( <1%) overhead. 

Virtual space:
  Non-class space:       34,00 MB reserved,      33,66 MB (>99%) committed 
      Class space:        1,00 GB reserved,       4,50 MB ( <1%) committed 
             Both:        1,03 GB reserved,      38,16 MB (  4%) committed 

Chunk freelists:
   Non-Class:  43,00 KB
       Class:  17,00 KB
        Both:  60,00 KB

MaxMetaspaceSize: unlimited
CompressedClassSpaceSize: 1,00 GB
Initial GC threshold: 20,80 MB
Current GC threshold: 56,52 MB
CDS: on

CodeHeap 'non-profiled nmethods': size=120036Kb used=3484Kb max_used=3484Kb free=116551Kb
 bounds [0x00007f42fc2bf000, 0x00007f42fc62f000, 0x00007f43037f8000]
CodeHeap 'profiled nmethods': size=120032Kb used=20736Kb max_used=20736Kb free=99295Kb
 bounds [0x00007f42f4d87000, 0x00007f42f61d7000, 0x00007f42fc2bf000]
CodeHeap 'non-nmethods': size=5692Kb used=1248Kb max_used=1280Kb free=4443Kb
 bounds [0x00007f42f47f8000, 0x00007f42f4a68000, 0x00007f42f4d87000]
 total_blobs=9634 nmethods=9111 adapters=435
 compilation: enabled
              stopped_count=0, restarted_count=0
 full_count=0

Compilation events (20 events):
Event: 92,234 Thread 0x00007f430c109800 9678       2       com.sun.tools.javac.code.Types$$Lambda$360/0x0000000840411440::get (16 bytes)
Event: 92,236 Thread 0x00007f430c109800 nmethod 9678 0x00007f42f61c4810 code [0x00007f42f61c49c0, 0x00007f42f61c4c90]
Event: 92,236 Thread 0x00007f430c109800 9679       2       com.sun.tools.javac.code.Types::lambda$closureCollector$2 (11 bytes)
Event: 92,237 Thread 0x00007f430c109800 nmethod 9679 0x00007f42f61c4d90 code [0x00007f42f61c4f40, 0x00007f42f61c51f0]
Event: 92,241 Thread 0x00007f430c107800 nmethod 9637 0x00007f42fc625c10 code [0x00007f42fc625de0, 0x00007f42fc626018]
Event: 92,242 Thread 0x00007f430c107800 9660       4       com.sun.tools.javac.code.Symbol$TypeSymbol::formFlatName (92 bytes)
Event: 92,246 Thread 0x00007f430c109800 9684       2       com.sun.tools.javac.tree.TreeCopier::visitMemberSelect (7 bytes)
Event: 92,247 Thread 0x00007f430c109800 nmethod 9684 0x00007f42f61c5290 code [0x00007f42f61c5440, 0x00007f42f61c5560]
Event: 92,251 Thread 0x00007f430c109800 9685       2       com.sun.tools.javac.comp.Infer$InferenceException::<init> (13 bytes)
Event: 92,252 Thread 0x00007f430c109800 nmethod 9685 0x00007f42f61c5610 code [0x00007f42f61c57c0, 0x00007f42f61c5980]
Event: 92,265 Thread 0x00007f430c109800 9686       2       com.sun.tools.javac.comp.ArgumentAttr$ResolvedMethodType::resultInfo (2 bytes)
Event: 92,266 Thread 0x00007f430c109800 nmethod 9686 0x00007f42f61c5a90 code [0x00007f42f61c5c40, 0x00007f42f61c5d50]
Event: 92,266 Thread 0x00007f430c109800 9687       2       com.sun.tools.javac.comp.Flow$BaseAnalyzer::<init> (5 bytes)
Event: 92,267 Thread 0x00007f430c109800 nmethod 9687 0x00007f42f61c5e10 code [0x00007f42f61c5fc0, 0x00007f42f61c60d0]
Event: 92,271 Thread 0x00007f430c109800 9689       2       lombok.bytecode.ClassFileMetaData::readValue (27 bytes)
Event: 92,272 Thread 0x00007f430c109800 nmethod 9689 0x00007f42f61c6190 code [0x00007f42f61c6340, 0x00007f42f61c64b0]
Event: 92,278 Thread 0x00007f430c109800 9690       2       com.sun.tools.javac.code.Type$JCPrimitiveType::<init> (19 bytes)
Event: 92,280 Thread 0x00007f430c109800 nmethod 9690 0x00007f42f61c6590 code [0x00007f42f61c6780, 0x00007f42f61c6b70]
Event: 92,284 Thread 0x00007f430c109800 9691       2       com.sun.tools.javac.code.Symbol::isEnum (19 bytes)
Event: 92,285 Thread 0x00007f430c109800 nmethod 9691 0x00007f42f61c6d90 code [0x00007f42f61c6f40, 0x00007f42f61c70a0]

GC Heap History (20 events):
Event: 61,952 GC heap before
{Heap before GC invocations=20 (full 0):
 garbage-first heap   total 191488K, used 56152K [0x000000008c400000, 0x0000000100000000)
  region size 1024K, 16 young (16384K), 6 survivors (6144K)
 Metaspace       used 29931K, capacity 30815K, committed 30936K, reserved 1077248K
  class space    used 3238K, capacity 3573K, committed 3584K, reserved 1048576K
}
Event: 62,137 GC heap after
{Heap after GC invocations=21 (full 0):
 garbage-first heap   total 230400K, used 48484K [0x000000008c400000, 0x0000000100000000)
  region size 1024K, 2 young (2048K), 2 survivors (2048K)
 Metaspace       used 29931K, capacity 30815K, committed 30936K, reserved 1077248K
  class space    used 3238K, capacity 3573K, committed 3584K, reserved 1048576K
}
Event: 67,279 GC heap before
{Heap before GC invocations=22 (full 0):
 garbage-first heap   total 230400K, used 72036K [0x000000008c400000, 0x0000000100000000)
  region size 1024K, 26 young (26624K), 2 survivors (2048K)
 Metaspace       used 33223K, capacity 34135K, committed 34468K, reserved 1079296K
  class space    used 3649K, capacity 4033K, committed 4096K, reserved 1048576K
}
Event: 67,332 GC heap after
{Heap after GC invocations=23 (full 0):
 garbage-first heap   total 230400K, used 50462K [0x000000008c400000, 0x0000000100000000)
  region size 1024K, 4 young (4096K), 4 survivors (4096K)
 Metaspace       used 33223K, capacity 34135K, committed 34468K, reserved 1079296K
  class space    used 3649K, capacity 4033K, committed 4096K, reserved 1048576K
}
Event: 69,567 GC heap before
{Heap before GC invocations=24 (full 0):
 garbage-first heap   total 230400K, used 79134K [0x000000008c400000, 0x0000000100000000)
  region size 1024K, 32 young (32768K), 4 survivors (4096K)
 Metaspace       used 33542K, capacity 34514K, committed 34724K, reserved 1079296K
  class space    used 3676K, capacity 4070K, committed 4096K, reserved 1048576K
}
Event: 69,626 GC heap after
{Heap after GC invocations=25 (full 0):
 garbage-first heap   total 230400K, used 52530K [0x000000008c400000, 0x0000000100000000)
  region size 1024K, 3 young (3072K), 3 survivors (3072K)
 Metaspace       used 33542K, capacity 34514K, committed 34724K, reserved 1079296K
  class space    used 3676K, capacity 4070K, committed 4096K, reserved 1048576K
}
Event: 71,117 GC heap before
{Heap before GC invocations=25 (full 0):
 garbage-first heap   total 230400K, used 90418K [0x000000008c400000, 0x0000000100000000)
  region size 1024K, 40 young (40960K), 3 survivors (3072K)
 Metaspace       used 33602K, capacity 34582K, committed 34724K, reserved 1079296K
  class space    used 3676K, capacity 4070K, committed 4096K, reserved 1048576K
}
Event: 71,180 GC heap after
{Heap after GC invocations=26 (full 0):
 garbage-first heap   total 230400K, used 52746K [0x000000008c400000, 0x0000000100000000)
  region size 1024K, 3 young (3072K), 3 survivors (3072K)
 Metaspace       used 33602K, capacity 34582K, committed 34724K, reserved 1079296K
  class space    used 3676K, capacity 4070K, committed 4096K, reserved 1048576K
}
Event: 73,067 GC heap before
{Heap before GC invocations=26 (full 0):
 garbage-first heap   total 230400K, used 94730K [0x000000008c400000, 0x0000000100000000)
  region size 1024K, 44 young (45056K), 3 survivors (3072K)
 Metaspace       used 33662K, capacity 34652K, committed 34724K, reserved 1079296K
  class space    used 3676K, capacity 4070K, committed 4096K, reserved 1048576K
}
Event: 73,118 GC heap after
{Heap after GC invocations=27 (full 0):
 garbage-first heap   total 276480K, used 51898K [0x000000008c400000, 0x0000000100000000)
  region size 1024K, 2 young (2048K), 2 survivors (2048K)
 Metaspace       used 33662K, capacity 34652K, committed 34724K, reserved 1079296K
  class space    used 3676K, capacity 4070K, committed 4096K, reserved 1048576K
}
Event: 78,431 GC heap before
{Heap before GC invocations=27 (full 0):
 garbage-first heap   total 276480K, used 102074K [0x000000008c400000, 0x0000000100000000)
  region size 1024K, 51 young (52224K), 2 survivors (2048K)
 Metaspace       used 35011K, capacity 36044K, committed 36132K, reserved 1081344K
  class space    used 3803K, capacity 4213K, committed 4224K, reserved 1048576K
}
Event: 78,491 GC heap after
{Heap after GC invocations=28 (full 0):
 garbage-first heap   total 276480K, used 53152K [0x000000008c400000, 0x0000000100000000)
  region size 1024K, 4 young (4096K), 4 survivors (4096K)
 Metaspace       used 35011K, capacity 36044K, committed 36132K, reserved 1081344K
  class space    used 3803K, capacity 4213K, committed 4224K, reserved 1048576K
}
Event: 84,937 GC heap before
{Heap before GC invocations=28 (full 0):
 garbage-first heap   total 276480K, used 112544K [0x000000008c400000, 0x0000000100000000)
  region size 1024K, 58 young (59392K), 4 survivors (4096K)
 Metaspace       used 35942K, capacity 36973K, committed 37284K, reserved 1083392K
  class space    used 3867K, capacity 4289K, committed 4352K, reserved 1048576K
}
Event: 85,072 GC heap after
{Heap after GC invocations=29 (full 0):
 garbage-first heap   total 276480K, used 64647K [0x000000008c400000, 0x0000000100000000)
  region size 1024K, 8 young (8192K), 8 survivors (8192K)
 Metaspace       used 35942K, capacity 36973K, committed 37284K, reserved 1083392K
  class space    used 3867K, capacity 4289K, committed 4352K, reserved 1048576K
}
Event: 86,819 GC heap before
{Heap before GC invocations=29 (full 0):
 garbage-first heap   total 276480K, used 101511K [0x000000008c400000, 0x0000000100000000)
  region size 1024K, 44 young (45056K), 8 survivors (8192K)
 Metaspace       used 35973K, capacity 37037K, committed 37284K, reserved 1083392K
  class space    used 3868K, capacity 4289K, committed 4352K, reserved 1048576K
}
Event: 86,950 GC heap after
{Heap after GC invocations=30 (full 0):
 garbage-first heap   total 276480K, used 73408K [0x000000008c400000, 0x0000000100000000)
  region size 1024K, 6 young (6144K), 6 survivors (6144K)
 Metaspace       used 35973K, capacity 37037K, committed 37284K, reserved 1083392K
  class space    used 3868K, capacity 4289K, committed 4352K, reserved 1048576K
}
Event: 89,181 GC heap before
{Heap before GC invocations=30 (full 0):
 garbage-first heap   total 276480K, used 114368K [0x000000008c400000, 0x0000000100000000)
  region size 1024K, 47 young (48128K), 6 survivors (6144K)
 Metaspace       used 37404K, capacity 38550K, committed 38820K, reserved 1083392K
  class space    used 4028K, capacity 4495K, committed 4608K, reserved 1048576K
}
Event: 89,233 GC heap after
{Heap after GC invocations=31 (full 0):
 garbage-first heap   total 276480K, used 74956K [0x000000008c400000, 0x0000000100000000)
  region size 1024K, 1 young (1024K), 1 survivors (1024K)
 Metaspace       used 37404K, capacity 38550K, committed 38820K, reserved 1083392K
  class space    used 4028K, capacity 4495K, committed 4608K, reserved 1048576K
}
Event: 90,701 GC heap before
{Heap before GC invocations=31 (full 0):
 garbage-first heap   total 276480K, used 128204K [0x000000008c400000, 0x0000000100000000)
  region size 1024K, 53 young (54272K), 1 survivors (1024K)
 Metaspace       used 37434K, capacity 38615K, committed 38820K, reserved 1083392K
  class space    used 4029K, capacity 4495K, committed 4608K, reserved 1048576K
}
Event: 90,731 GC heap after
{Heap after GC invocations=32 (full 0):
 garbage-first heap   total 276480K, used 75148K [0x000000008c400000, 0x0000000100000000)
  region size 1024K, 2 young (2048K), 2 survivors (2048K)
 Metaspace       used 37434K, capacity 38615K, committed 38820K, reserved 1083392K
  class space    used 4029K, capacity 4495K, committed 4608K, reserved 1048576K
}

Deoptimization events (20 events):
Event: 91,513 Thread 0x00007f430c016800 Uncommon trap: trap_request=0xffffffc6 fr.pc=0x00007f42fc5e224c relative=0x00000000000006cc
Event: 91,513 Thread 0x00007f430c016800 Uncommon trap: reason=bimorphic_or_optimized_type_check action=maybe_recompile pc=0x00007f42fc5e224c method=com.sun.tools.javac.code.Scope$ScopeImpl$1.skipToNextMatchingEntry()V @ 25 c2
Event: 91,513 Thread 0x00007f430c016800 DEOPT PACKING pc=0x00007f42fc5e224c sp=0x00007f4310fd6c70
Event: 91,513 Thread 0x00007f430c016800 DEOPT UNPACKING pc=0x00007f42f4841e9f sp=0x00007f4310fd6aa8 mode 2
Event: 91,514 Thread 0x00007f430c016800 Uncommon trap: trap_request=0xffffffc6 fr.pc=0x00007f42fc5e224c relative=0x00000000000006cc
Event: 91,514 Thread 0x00007f430c016800 Uncommon trap: reason=bimorphic_or_optimized_type_check action=maybe_recompile pc=0x00007f42fc5e224c method=com.sun.tools.javac.code.Scope$ScopeImpl$1.skipToNextMatchingEntry()V @ 25 c2
Event: 91,514 Thread 0x00007f430c016800 DEOPT PACKING pc=0x00007f42fc5e224c sp=0x00007f4310fd6ff0
Event: 91,514 Thread 0x00007f430c016800 DEOPT UNPACKING pc=0x00007f42f4841e9f sp=0x00007f4310fd6e28 mode 2
Event: 91,514 Thread 0x00007f430c016800 Uncommon trap: trap_request=0xffffffc6 fr.pc=0x00007f42fc5e224c relative=0x00000000000006cc
Event: 91,514 Thread 0x00007f430c016800 Uncommon trap: reason=bimorphic_or_optimized_type_check action=maybe_recompile pc=0x00007f42fc5e224c method=com.sun.tools.javac.code.Scope$ScopeImpl$1.skipToNextMatchingEntry()V @ 25 c2
Event: 91,514 Thread 0x00007f430c016800 DEOPT PACKING pc=0x00007f42fc5e224c sp=0x00007f4310fd6c60
Event: 91,514 Thread 0x00007f430c016800 DEOPT UNPACKING pc=0x00007f42f4841e9f sp=0x00007f4310fd6a98 mode 2
Event: 91,514 Thread 0x00007f430c016800 Uncommon trap: trap_request=0xffffffc6 fr.pc=0x00007f42fc5e224c relative=0x00000000000006cc
Event: 91,514 Thread 0x00007f430c016800 Uncommon trap: reason=bimorphic_or_optimized_type_check action=maybe_recompile pc=0x00007f42fc5e224c method=com.sun.tools.javac.code.Scope$ScopeImpl$1.skipToNextMatchingEntry()V @ 25 c2
Event: 91,514 Thread 0x00007f430c016800 DEOPT PACKING pc=0x00007f42fc5e224c sp=0x00007f4310fd6ff0
Event: 91,514 Thread 0x00007f430c016800 DEOPT UNPACKING pc=0x00007f42f4841e9f sp=0x00007f4310fd6e28 mode 2
Event: 92,262 Thread 0x00007f430c016800 Uncommon trap: trap_request=0xffffffc6 fr.pc=0x00007f42fc5eccf4 relative=0x0000000000000874
Event: 92,263 Thread 0x00007f430c016800 Uncommon trap: reason=bimorphic_or_optimized_type_check action=maybe_recompile pc=0x00007f42fc5eccf4 method=java.util.HashMap.removeNode(ILjava/lang/Object;Ljava/lang/Object;ZZ)Ljava/util/HashMap$Node; @ 143 c2
Event: 92,263 Thread 0x00007f430c016800 DEOPT PACKING pc=0x00007f42fc5eccf4 sp=0x00007f4310fd7bc0
Event: 92,263 Thread 0x00007f430c016800 DEOPT UNPACKING pc=0x00007f42f4841e9f sp=0x00007f4310fd7ad8 mode 2

Classes redefined (0 events):
No events

Internal exceptions (20 events):
Event: 66,123 Thread 0x00007f430c016800 Exception <a 'java/lang/ClassNotFoundException'{0x00000000992f0ab8}: org/mapstruct/ap/internal/model/IterableMappingMethodCustomizer> (0x00000000992f0ab8) thrown at [./src/hotspot/share/classfile/systemDictionary.cpp, line 230]
Event: 66,271 Thread 0x00007f430c016800 Exception <a 'java/lang/ClassNotFoundException'{0x000000009918a058}: org/mapstruct/ap/internal/model/IterableCreationBeanInfo> (0x000000009918a058) thrown at [./src/hotspot/share/classfile/systemDictionary.cpp, line 230]
Event: 66,273 Thread 0x00007f430c016800 Exception <a 'java/lang/ClassNotFoundException'{0x0000000099193720}: org/mapstruct/ap/internal/model/IterableCreationCustomizer> (0x0000000099193720) thrown at [./src/hotspot/share/classfile/systemDictionary.cpp, line 230]
Event: 66,335 Thread 0x00007f430c016800 Exception <a 'java/lang/ClassNotFoundException'{0x00000000991ee110}: org/mapstruct/ap/internal/model/common/ParameterBindingBeanInfo> (0x00000000991ee110) thrown at [./src/hotspot/share/classfile/systemDictionary.cpp, line 230]
Event: 66,338 Thread 0x00007f430c016800 Exception <a 'java/lang/ClassNotFoundException'{0x00000000991fb1e8}: org/mapstruct/ap/internal/model/common/ParameterBindingCustomizer> (0x00000000991fb1e8) thrown at [./src/hotspot/share/classfile/systemDictionary.cpp, line 230]
Event: 67,965 Thread 0x00007f430c016800 Exception <a 'java/lang/NoSuchMethodError'{0x0000000099fd6fb8}: 'java.lang.Object java.lang.invoke.DirectMethodHandle$Holder.invokeStatic(java.lang.Object, java.lang.Object, java.lang.Object, java.lang.Object, java.lang.Object, java.lang.Object, int)'> (0x0000000099fd6fb8) thrown at [./src/hotspot/share/interpreter/linkResolver.cpp, line 772]
Event: 67,969 Thread 0x00007f430c016800 Exception <a 'java/lang/NoSuchMethodError'{0x0000000099fdac98}: 'java.lang.Object java.lang.invoke.DirectMethodHandle$Holder.invokeStaticInit(java.lang.Object, java.lang.Object, java.lang.Object, java.lang.Object, java.lang.Object, java.lang.Object, int)'> (0x0000000099fdac98) thrown at [./src/hotspot/share/interpreter/linkResolver.cpp, line 772]
Event: 69,778 Thread 0x00007f430c016800 Implicit null exception at 0x00007f42fc4f9b08 to 0x00007f42fc4f9cb2
Event: 70,153 Thread 0x00007f430c016800 Implicit null exception at 0x00007f42fc394c4b to 0x00007f42fc395348
Event: 75,180 Thread 0x00007f430c016800 Exception <a 'java/lang/NoSuchMethodError'{0x000000009ac9ab10}: 'void java.lang.invoke.DirectMethodHandle$Holder.invokeVirtual(java.lang.Object, java.lang.Object)'> (0x000000009ac9ab10) thrown at [./src/hotspot/share/interpreter/linkResolver.cpp, line 772]
Event: 75,918 Thread 0x00007f430c016800 Exception <a 'java/lang/NoSuchMethodError'{0x000000009a9fe810}: 'int java.lang.invoke.DirectMethodHandle$Holder.invokeVirtual(java.lang.Object, java.lang.Object, java.lang.Object, java.lang.Object)'> (0x000000009a9fe810) thrown at [./src/hotspot/share/interpreter/linkResolver.cpp, line 772]
Event: 75,924 Thread 0x00007f430c016800 Exception <a 'java/lang/NoSuchMethodError'{0x000000009a809a70}: 'java.lang.Object java.lang.invoke.DirectMethodHandle$Holder.invokeStatic(java.lang.Object, java.lang.Object, int, java.lang.Object)'> (0x000000009a809a70) thrown at [./src/hotspot/share/interpreter/linkResolver.cpp, line 772]
Event: 75,927 Thread 0x00007f430c016800 Exception <a 'java/lang/NoSuchMethodError'{0x000000009a8107f0}: 'java.lang.Object java.lang.invoke.Invokers$Holder.linkToTargetMethod(java.lang.Object, int, java.lang.Object, java.lang.Object)'> (0x000000009a8107f0) thrown at [./src/hotspot/share/interpreter/linkResolver.cpp, line 772]
Event: 78,248 Thread 0x00007f430c016800 Implicit null exception at 0x00007f42fc5b5f74 to 0x00007f42fc5b7ed8
Event: 79,561 Thread 0x00007f430c016800 Exception <a 'java/lang/NoSuchMethodError'{0x000000009cb4e5c8}: 'java.lang.Object java.lang.invoke.DirectMethodHandle$Holder.invokeSpecial(java.lang.Object, java.lang.Object, java.lang.Object, java.lang.Object, java.lang.Object, java.lang.Object, java.lang.Object, java.lang.Object, java.lang.Object)'> (0x000000009cb4e5c8) thrown at [./src/hotspot/share/interpreter/linkResolver.cpp, line 772]
Event: 79,570 Thread 0x00007f430c016800 Exception <a 'java/lang/NoSuchMethodError'{0x000000009cb52a68}: 'java.lang.Object java.lang.invoke.Invokers$Holder.linkToTargetMethod(java.lang.Object, java.lang.Object, java.lang.Object, java.lang.Object, java.lang.Object, java.lang.Object, java.lang.Object, java.lang.Object)'> (0x000000009cb52a68) thrown at [./src/hotspot/share/interpreter/linkResolver.cpp, line 772]
Event: 79,582 Thread 0x00007f430c016800 Exception <a 'java/lang/NoSuchMethodError'{0x000000009cb60498}: 'java.lang.Object java.lang.invoke.Invokers$Holder.linkToTargetMethod(java.lang.Object, java.lang.Object, java.lang.Object, java.lang.Object, java.lang.Object, java.lang.Object, java.lang.Object)'> (0x000000009cb60498) thrown at [./src/hotspot/share/interpreter/linkResolver.cpp, line 772]
Event: 81,624 Thread 0x00007f430c016800 Exception <a 'java/lang/NoSuchMethodError'{0x000000009c0613a8}: 'java.lang.Object java.lang.invoke.DirectMethodHandle$Holder.invokeStatic(java.lang.Object, java.lang.Object, java.lang.Object, java.lang.Object, java.lang.Object, java.lang.Object, java.lang.Object, int)'> (0x000000009c0613a8) thrown at [./src/hotspot/share/interpreter/linkResolver.cpp, line 772]
Event: 81,630 Thread 0x00007f430c016800 Exception <a 'java/lang/NoSuchMethodError'{0x000000009c0660d8}: 'java.lang.Object java.lang.invoke.DirectMethodHandle$Holder.invokeSpecial(java.lang.Object, java.lang.Object, java.lang.Object, java.lang.Object, java.lang.Object, java.lang.Object, java.lang.Object, java.lang.Object, int)'> (0x000000009c0660d8) thrown at [./src/hotspot/share/interpreter/linkResolver.cpp, line 772]
Event: 84,401 Thread 0x00007f430c016800 Implicit null exception at 0x00007f42fc4ac67d to 0x00007f42fc4ac9f4

Events (20 events):
Event: 87,191 loading class org/mapstruct/ap/spi/AstModifyingAnnotationProcessor
Event: 87,191 loading class org/mapstruct/ap/spi/AstModifyingAnnotationProcessor done
Event: 87,192 loading class org/mapstruct/ap/internal/util/AnnotationProcessorContext$FaultyDelegatingIterator
Event: 87,192 loading class org/mapstruct/ap/internal/util/AnnotationProcessorContext$FaultyDelegatingIterator done
Event: 87,197 loading class lombok/mapstruct/NotifierHider$AstModificationNotifier
Event: 87,197 loading class lombok/mapstruct/NotifierHider$AstModificationNotifier done
Event: 87,220 loading class lombok/launch/AnnotationProcessorHider$AnnotationProcessor
Event: 87,220 loading class lombok/launch/AnnotationProcessorHider$AnnotationProcessor done
Event: 87,225 loading class lombok/launch/Main
Event: 87,225 loading class lombok/launch/Main done
Event: 87,226 loading class lombok/launch/ShadowClassLoader
Event: 87,226 loading class lombok/launch/ShadowClassLoader done
Event: 87,254 loading class lombok/launch/AnnotationProcessorHider$AstModificationNotifierData
Event: 87,254 loading class lombok/launch/AnnotationProcessorHider$AstModificationNotifierData done
Event: 89,181 Executing VM operation: G1CollectForAllocation
Event: 89,233 Executing VM operation: G1CollectForAllocation done
Event: 89,602 loading class lombok/launch/AnnotationProcessorHider$ClaimingProcessor
Event: 89,602 loading class lombok/launch/AnnotationProcessorHider$ClaimingProcessor done
Event: 90,701 Executing VM operation: G1CollectForAllocation
Event: 90,731 Executing VM operation: G1CollectForAllocation done


Dynamic libraries:
8c400000-9d000000 rw-p 00000000 00:00 0 
9d000000-ffe00000 ---p 00000000 00:00 0 
ffe00000-ffe48000 rw-p 00b0a000 08:01 2753418                            /usr/lib/jvm/java-11-openjdk-amd64/lib/server/classes.jsa
ffe48000-fff00000 rw-p 00000000 00:00 0 
fff00000-fff6b000 rw-p 00a9f000 08:01 2753418                            /usr/lib/jvm/java-11-openjdk-amd64/lib/server/classes.jsa
fff6b000-100000000 rw-p 00000000 00:00 0 
800000000-800002000 rwxp 00001000 08:01 2753418                          /usr/lib/jvm/java-11-openjdk-amd64/lib/server/classes.jsa
800002000-8003cc000 rw-p 00003000 08:01 2753418                          /usr/lib/jvm/java-11-openjdk-amd64/lib/server/classes.jsa
8003cc000-800a9d000 r--p 003cd000 08:01 2753418                          /usr/lib/jvm/java-11-openjdk-amd64/lib/server/classes.jsa
800a9d000-800a9e000 rw-p 00a9e000 08:01 2753418                          /usr/lib/jvm/java-11-openjdk-amd64/lib/server/classes.jsa
840000000-840480000 rw-p 00000000 00:00 0 
840480000-880000000 ---p 00000000 00:00 0 
564e812f0000-564e812f1000 r--p 00000000 08:01 2752542                    /usr/lib/jvm/java-11-openjdk-amd64/bin/java
564e812f1000-564e812f2000 r-xp 00001000 08:01 2752542                    /usr/lib/jvm/java-11-openjdk-amd64/bin/java
564e812f2000-564e812f3000 r--p 00002000 08:01 2752542                    /usr/lib/jvm/java-11-openjdk-amd64/bin/java
564e812f3000-564e812f4000 r--p 00002000 08:01 2752542                    /usr/lib/jvm/java-11-openjdk-amd64/bin/java
564e812f4000-564e812f5000 rw-p 00003000 08:01 2752542                    /usr/lib/jvm/java-11-openjdk-amd64/bin/java
564e81841000-564e81862000 rw-p 00000000 00:00 0                          [heap]
7f42a8000000-7f42a8029000 rw-p 00000000 00:00 0 
7f42a8029000-7f42ac000000 ---p 00000000 00:00 0 
7f42b0000000-7f42b08e5000 rw-p 00000000 00:00 0 
7f42b08e5000-7f42b4000000 ---p 00000000 00:00 0 
7f42b4000000-7f42b4021000 rw-p 00000000 00:00 0 
7f42b4021000-7f42b8000000 ---p 00000000 00:00 0 
7f42b8000000-7f42b8021000 rw-p 00000000 00:00 0 
7f42b8021000-7f42bc000000 ---p 00000000 00:00 0 
7f42bc000000-7f42bd8df000 rw-p 00000000 00:00 0 
7f42bd8df000-7f42c0000000 ---p 00000000 00:00 0 
7f42c0000000-7f42c0021000 rw-p 00000000 00:00 0 
7f42c0021000-7f42c4000000 ---p 00000000 00:00 0 
7f42c6f2b000-7f42c70eb000 rw-p 00000000 00:00 0 
7f42c70eb000-7f42c712b000 ---p 00000000 00:00 0 
7f42c712b000-7f42c732b000 rw-p 00000000 00:00 0 
7f42c732b000-7f42c752b000 rw-p 00000000 00:00 0 
7f42c752b000-7f42c7714000 rw-p 00000000 00:00 0 
7f42c7714000-7f42c772b000 ---p 00000000 00:00 0 
7f42c772b000-7f42c792b000 rw-p 00000000 00:00 0 
7f42c792b000-7f42cc000000 r--p 00000000 08:01 2754411                    /usr/lib/locale/locale-archive
7f42cc000000-7f42cc021000 rw-p 00000000 00:00 0 
7f42cc021000-7f42d0000000 ---p 00000000 00:00 0 
7f42d0000000-7f42d0021000 rw-p 00000000 00:00 0 
7f42d0021000-7f42d4000000 ---p 00000000 00:00 0 
7f42d4000000-7f42d4021000 rw-p 00000000 00:00 0 
7f42d4021000-7f42d8000000 ---p 00000000 00:00 0 
7f42d8000000-7f42d8084000 rw-p 00000000 00:00 0 
7f42d8084000-7f42dc000000 ---p 00000000 00:00 0 
7f42dc000000-7f42dc021000 rw-p 00000000 00:00 0 
7f42dc021000-7f42e0000000 ---p 00000000 00:00 0 
7f42e0000000-7f42e0043000 rw-p 00000000 00:00 0 
7f42e0043000-7f42e4000000 ---p 00000000 00:00 0 
7f42e4189000-7f42e41af000 r--p 00000000 08:01 4983090                    /usr/share/locale/pt_BR/LC_MESSAGES/libc.mo
7f42e41af000-7f42e43af000 rw-p 00000000 00:00 0 
7f42e43af000-7f42e45af000 rw-p 00000000 00:00 0 
7f42e45af000-7f42e47af000 rw-p 00000000 00:00 0 
7f42e47af000-7f42e49af000 rw-p 00000000 00:00 0 
7f42e49af000-7f42e4baf000 rw-p 00000000 00:00 0 
7f42e4baf000-7f42e4daf000 rw-p 00000000 00:00 0 
7f42e4daf000-7f42e4faf000 rw-p 00000000 00:00 0 
7f42e4faf000-7f42e51af000 rw-p 00000000 00:00 0 
7f42e51af000-7f42e51b0000 ---p 00000000 00:00 0 
7f42e51b0000-7f42e52e2000 rw-p 00000000 00:00 0 
7f42e52e2000-7f42e52e6000 r--p 00000000 08:01 2752610                    /usr/lib/jvm/java-11-openjdk-amd64/lib/libnet.so
7f42e52e6000-7f42e52f4000 r-xp 00004000 08:01 2752610                    /usr/lib/jvm/java-11-openjdk-amd64/lib/libnet.so
7f42e52f4000-7f42e52f8000 r--p 00012000 08:01 2752610                    /usr/lib/jvm/java-11-openjdk-amd64/lib/libnet.so
7f42e52f8000-7f42e52f9000 r--p 00015000 08:01 2752610                    /usr/lib/jvm/java-11-openjdk-amd64/lib/libnet.so
7f42e52f9000-7f42e52fa000 rw-p 00016000 08:01 2752610                    /usr/lib/jvm/java-11-openjdk-amd64/lib/libnet.so
7f42e52fa000-7f42e52fe000 ---p 00000000 00:00 0 
7f42e52fe000-7f42e53fb000 rw-p 00000000 00:00 0 
7f42e53fb000-7f42e53fc000 ---p 00000000 00:00 0 
7f42e53fc000-7f42e54fd000 rw-p 00000000 00:00 0 
7f42e54fd000-7f42e5501000 ---p 00000000 00:00 0 
7f42e5501000-7f42e55fe000 rw-p 00000000 00:00 0 
7f42e55fe000-7f42e5602000 ---p 00000000 00:00 0 
7f42e5602000-7f42e56ff000 rw-p 00000000 00:00 0 
7f42e56ff000-7f42e5703000 ---p 00000000 00:00 0 
7f42e5703000-7f42e8000000 rw-p 00000000 00:00 0 
7f42e8000000-7f42e8021000 rw-p 00000000 00:00 0 
7f42e8021000-7f42ec000000 ---p 00000000 00:00 0 
7f42ec003000-7f42ec00a000 r--p 00000000 08:01 2752611                    /usr/lib/jvm/java-11-openjdk-amd64/lib/libnio.so
7f42ec00a000-7f42ec011000 r-xp 00007000 08:01 2752611                    /usr/lib/jvm/java-11-openjdk-amd64/lib/libnio.so
7f42ec011000-7f42ec014000 r--p 0000e000 08:01 2752611                    /usr/lib/jvm/java-11-openjdk-amd64/lib/libnio.so
7f42ec014000-7f42ec015000 r--p 00010000 08:01 2752611                    /usr/lib/jvm/java-11-openjdk-amd64/lib/libnio.so
7f42ec015000-7f42ec016000 rw-p 00011000 08:01 2752611                    /usr/lib/jvm/java-11-openjdk-amd64/lib/libnio.so
7f42ec016000-7f42ec01a000 ---p 00000000 00:00 0 
7f42ec01a000-7f42ec117000 rw-p 00000000 00:00 0 
7f42ec117000-7f42ec11b000 ---p 00000000 00:00 0 
7f42ec11b000-7f42ec218000 rw-p 00000000 00:00 0 
7f42ec218000-7f42ec21c000 ---p 00000000 00:00 0 
7f42ec21c000-7f42ec319000 rw-p 00000000 00:00 0 
7f42ec319000-7f42ec31d000 ---p 00000000 00:00 0 
7f42ec31d000-7f42ec41a000 rw-p 00000000 00:00 0 
7f42ec41a000-7f42ec41b000 ---p 00000000 00:00 0 
7f42ec41b000-7f42eca50000 rw-p 00000000 00:00 0 
7f42eca50000-7f42ee308000 ---p 00000000 00:00 0 
7f42ee308000-7f42ee740000 rw-p 00000000 00:00 0 
7f42ee740000-7f42efff8000 ---p 00000000 00:00 0 
7f42efff8000-7f42f0000000 rw-p 00000000 00:00 0 
7f42f0000000-7f42f002c000 rw-p 00000000 00:00 0 
7f42f002c000-7f42f4000000 ---p 00000000 00:00 0 
7f42f4012000-7f42f4054000 rw-p 00000000 00:00 0 
7f42f4054000-7f42f4055000 ---p 00000000 00:00 0 
7f42f4055000-7f42f4156000 rw-p 00000000 00:00 0 
7f42f4156000-7f42f4157000 ---p 00000000 00:00 0 
7f42f4157000-7f42f44e0000 rw-p 00000000 00:00 0 
7f42f44e0000-7f42f47f7000 ---p 00000000 00:00 0 
7f42f47f7000-7f42f47f8000 rw-p 00000000 00:00 0 
7f42f47f8000-7f42f4a68000 rwxp 00000000 00:00 0 
7f42f4a68000-7f42f4d87000 ---p 00000000 00:00 0 
7f42f4d87000-7f42f61d7000 rwxp 00000000 00:00 0 
7f42f61d7000-7f42fc2bf000 ---p 00000000 00:00 0 
7f42fc2bf000-7f42fc62f000 rwxp 00000000 00:00 0 
7f42fc62f000-7f43037f8000 ---p 00000000 00:00 0 
7f43037f8000-7f430c000000 r--s 00000000 08:01 2752620                    /usr/lib/jvm/java-11-openjdk-amd64/lib/modules
7f430c000000-7f430d76c000 rw-p 00000000 00:00 0 
7f430d76c000-7f4310000000 ---p 00000000 00:00 0 
7f4310006000-7f431000d000 r--s 00000000 08:01 3152240                    /usr/lib/x86_64-linux-gnu/gconv/gconv-modules.cache
7f431000d000-7f431000e000 ---p 00000000 00:00 0 
7f431000e000-7f431010f000 rw-p 00000000 00:00 0 
7f431010f000-7f4310110000 ---p 00000000 00:00 0 
7f4310110000-7f43102d5000 rw-p 00000000 00:00 0 
7f43102d5000-7f43105ec000 ---p 00000000 00:00 0 
7f43105ec000-7f4310673000 rw-p 00000000 00:00 0 
7f4310673000-7f431098a000 ---p 00000000 00:00 0 
7f431098a000-7f4310b8d000 rw-p 00000000 00:00 0 
7f4310b8d000-7f4310b8e000 ---p 00000000 00:00 0 
7f4310b8e000-7f4310c96000 rw-p 00000000 00:00 0 
7f4310c96000-7f4310d7a000 ---p 00000000 00:00 0 
7f4310d7a000-7f4310da3000 rw-p 00000000 00:00 0 
7f4310da3000-7f4310e65000 ---p 00000000 00:00 0 
7f4310e65000-7f4310e6a000 rw-p 00000000 00:00 0 
7f4310e6a000-7f4310e71000 ---p 00000000 00:00 0 
7f4310e71000-7f4310e74000 r--p 00000000 08:01 3149444                    /usr/lib/x86_64-linux-gnu/libnss_files-2.31.so
7f4310e74000-7f4310e7b000 r-xp 00003000 08:01 3149444                    /usr/lib/x86_64-linux-gnu/libnss_files-2.31.so
7f4310e7b000-7f4310e7d000 r--p 0000a000 08:01 3149444                    /usr/lib/x86_64-linux-gnu/libnss_files-2.31.so
7f4310e7d000-7f4310e7e000 r--p 0000b000 08:01 3149444                    /usr/lib/x86_64-linux-gnu/libnss_files-2.31.so
7f4310e7e000-7f4310e7f000 rw-p 0000c000 08:01 3149444                    /usr/lib/x86_64-linux-gnu/libnss_files-2.31.so
7f4310e7f000-7f4310e85000 rw-p 00000000 00:00 0 
7f4310e8b000-7f4310e8d000 r--p 00000000 08:01 2752619                    /usr/lib/jvm/java-11-openjdk-amd64/lib/libzip.so
7f4310e8d000-7f4310e91000 r-xp 00002000 08:01 2752619                    /usr/lib/jvm/java-11-openjdk-amd64/lib/libzip.so
7f4310e91000-7f4310e93000 r--p 00006000 08:01 2752619                    /usr/lib/jvm/java-11-openjdk-amd64/lib/libzip.so
7f4310e93000-7f4310e94000 r--p 00007000 08:01 2752619                    /usr/lib/jvm/java-11-openjdk-amd64/lib/libzip.so
7f4310e94000-7f4310e95000 rw-p 00008000 08:01 2752619                    /usr/lib/jvm/java-11-openjdk-amd64/lib/libzip.so
7f4310e95000-7f4310e9d000 rw-s 00000000 08:01 21758048                   /tmp/hsperfdata_guilherme/34695
7f4310e9d000-7f4310e9f000 r--p 00000000 08:01 2752602                    /usr/lib/jvm/java-11-openjdk-amd64/lib/libjimage.so
7f4310e9f000-7f4310ea2000 r-xp 00002000 08:01 2752602                    /usr/lib/jvm/java-11-openjdk-amd64/lib/libjimage.so
7f4310ea2000-7f4310ea3000 r--p 00005000 08:01 2752602                    /usr/lib/jvm/java-11-openjdk-amd64/lib/libjimage.so
7f4310ea3000-7f4310ea4000 ---p 00006000 08:01 2752602                    /usr/lib/jvm/java-11-openjdk-amd64/lib/libjimage.so
7f4310ea4000-7f4310ea5000 r--p 00006000 08:01 2752602                    /usr/lib/jvm/java-11-openjdk-amd64/lib/libjimage.so
7f4310ea5000-7f4310ea6000 rw-p 00007000 08:01 2752602                    /usr/lib/jvm/java-11-openjdk-amd64/lib/libjimage.so
7f4310ea6000-7f4310eb4000 r--p 00000000 08:01 2752599                    /usr/lib/jvm/java-11-openjdk-amd64/lib/libjava.so
7f4310eb4000-7f4310ec9000 r-xp 0000e000 08:01 2752599                    /usr/lib/jvm/java-11-openjdk-amd64/lib/libjava.so
7f4310ec9000-7f4310ed0000 r--p 00023000 08:01 2752599                    /usr/lib/jvm/java-11-openjdk-amd64/lib/libjava.so
7f4310ed0000-7f4310ed1000 r--p 00029000 08:01 2752599                    /usr/lib/jvm/java-11-openjdk-amd64/lib/libjava.so
7f4310ed1000-7f4310ed2000 rw-p 0002a000 08:01 2752599                    /usr/lib/jvm/java-11-openjdk-amd64/lib/libjava.so
7f4310ed2000-7f4310ed3000 rw-p 00000000 00:00 0 
7f4310ed3000-7f4310ed5000 r--p 00000000 08:01 3150233                    /usr/lib/x86_64-linux-gnu/librt-2.31.so
7f4310ed5000-7f4310ed9000 r-xp 00002000 08:01 3150233                    /usr/lib/x86_64-linux-gnu/librt-2.31.so
7f4310ed9000-7f4310edb000 r--p 00006000 08:01 3150233                    /usr/lib/x86_64-linux-gnu/librt-2.31.so
7f4310edb000-7f4310edc000 r--p 00007000 08:01 3150233                    /usr/lib/x86_64-linux-gnu/librt-2.31.so
7f4310edc000-7f4310edd000 rw-p 00008000 08:01 3150233                    /usr/lib/x86_64-linux-gnu/librt-2.31.so
7f4310edd000-7f4310ee1000 ---p 00000000 00:00 0 
7f4310ee1000-7f4310fde000 rw-p 00000000 00:00 0 
7f4310fde000-7f4310fe1000 r--p 00000000 08:01 3149769                    /usr/lib/x86_64-linux-gnu/libgcc_s.so.1
7f4310fe1000-7f4310ff2000 r-xp 00003000 08:01 3149769                    /usr/lib/x86_64-linux-gnu/libgcc_s.so.1
7f4310ff2000-7f4310ff6000 r--p 00014000 08:01 3149769                    /usr/lib/x86_64-linux-gnu/libgcc_s.so.1
7f4310ff6000-7f4310ff7000 r--p 00017000 08:01 3149769                    /usr/lib/x86_64-linux-gnu/libgcc_s.so.1
7f4310ff7000-7f4310ff8000 rw-p 00018000 08:01 3149769                    /usr/lib/x86_64-linux-gnu/libgcc_s.so.1
7f4310ff8000-7f4311005000 r--p 00000000 08:01 3148454                    /usr/lib/x86_64-linux-gnu/libm-2.31.so
7f4311005000-7f431109f000 r-xp 0000d000 08:01 3148454                    /usr/lib/x86_64-linux-gnu/libm-2.31.so
7f431109f000-7f431113a000 r--p 000a7000 08:01 3148454                    /usr/lib/x86_64-linux-gnu/libm-2.31.so
7f431113a000-7f431113b000 r--p 00141000 08:01 3148454                    /usr/lib/x86_64-linux-gnu/libm-2.31.so
7f431113b000-7f431113c000 rw-p 00142000 08:01 3148454                    /usr/lib/x86_64-linux-gnu/libm-2.31.so
7f431113c000-7f43111d2000 r--p 00000000 08:01 3150776                    /usr/lib/x86_64-linux-gnu/libstdc++.so.6.0.28
7f43111d2000-7f43112ae000 r-xp 00096000 08:01 3150776                    /usr/lib/x86_64-linux-gnu/libstdc++.so.6.0.28
7f43112ae000-7f43112f8000 r--p 00172000 08:01 3150776                    /usr/lib/x86_64-linux-gnu/libstdc++.so.6.0.28
7f43112f8000-7f4311303000 r--p 001bb000 08:01 3150776                    /usr/lib/x86_64-linux-gnu/libstdc++.so.6.0.28
7f4311303000-7f4311306000 rw-p 001c6000 08:01 3150776                    /usr/lib/x86_64-linux-gnu/libstdc++.so.6.0.28
7f4311306000-7f4311309000 rw-p 00000000 00:00 0 
7f4311309000-7f431158b000 r--p 00000000 08:01 2752623                    /usr/lib/jvm/java-11-openjdk-amd64/lib/server/libjvm.so
7f431158b000-7f43121eb000 r-xp 00282000 08:01 2752623                    /usr/lib/jvm/java-11-openjdk-amd64/lib/server/libjvm.so
7f43121eb000-7f431244d000 r--p 00ee2000 08:01 2752623                    /usr/lib/jvm/java-11-openjdk-amd64/lib/server/libjvm.so
7f431244d000-7f4312511000 r--p 01143000 08:01 2752623                    /usr/lib/jvm/java-11-openjdk-amd64/lib/server/libjvm.so
7f4312511000-7f431254c000 rw-p 01207000 08:01 2752623                    /usr/lib/jvm/java-11-openjdk-amd64/lib/server/libjvm.so
7f431254c000-7f43125a5000 rw-p 00000000 00:00 0 
7f43125a5000-7f43125ab000 r--p 00000000 08:01 3149604                    /usr/lib/x86_64-linux-gnu/libpthread-2.31.so
7f43125ab000-7f43125bb000 r-xp 00006000 08:01 3149604                    /usr/lib/x86_64-linux-gnu/libpthread-2.31.so
7f43125bb000-7f43125c1000 r--p 00016000 08:01 3149604                    /usr/lib/x86_64-linux-gnu/libpthread-2.31.so
7f43125c1000-7f43125c2000 r--p 0001b000 08:01 3149604                    /usr/lib/x86_64-linux-gnu/libpthread-2.31.so
7f43125c2000-7f43125c3000 rw-p 0001c000 08:01 3149604                    /usr/lib/x86_64-linux-gnu/libpthread-2.31.so
7f43125c3000-7f43125c7000 rw-p 00000000 00:00 0 
7f43125c7000-7f43125c8000 r--p 00000000 08:01 3148336                    /usr/lib/x86_64-linux-gnu/libdl-2.31.so
7f43125c8000-7f43125ca000 r-xp 00001000 08:01 3148336                    /usr/lib/x86_64-linux-gnu/libdl-2.31.so
7f43125ca000-7f43125cb000 r--p 00003000 08:01 3148336                    /usr/lib/x86_64-linux-gnu/libdl-2.31.so
7f43125cb000-7f43125cc000 r--p 00003000 08:01 3148336                    /usr/lib/x86_64-linux-gnu/libdl-2.31.so
7f43125cc000-7f43125cd000 rw-p 00004000 08:01 3148336                    /usr/lib/x86_64-linux-gnu/libdl-2.31.so
7f43125cd000-7f43125d0000 r--p 00000000 08:01 3151126                    /usr/lib/x86_64-linux-gnu/libz.so.1.2.11
7f43125d0000-7f43125e1000 r-xp 00003000 08:01 3151126                    /usr/lib/x86_64-linux-gnu/libz.so.1.2.11
7f43125e1000-7f43125e7000 r--p 00014000 08:01 3151126                    /usr/lib/x86_64-linux-gnu/libz.so.1.2.11
7f43125e7000-7f43125e8000 ---p 0001a000 08:01 3151126                    /usr/lib/x86_64-linux-gnu/libz.so.1.2.11
7f43125e8000-7f43125e9000 r--p 0001a000 08:01 3151126                    /usr/lib/x86_64-linux-gnu/libz.so.1.2.11
7f43125e9000-7f43125ea000 rw-p 0001b000 08:01 3151126                    /usr/lib/x86_64-linux-gnu/libz.so.1.2.11
7f43125ea000-7f431260c000 r--p 00000000 08:01 3148038                    /usr/lib/x86_64-linux-gnu/libc-2.31.so
7f431260c000-7f4312765000 r-xp 00022000 08:01 3148038                    /usr/lib/x86_64-linux-gnu/libc-2.31.so
7f4312765000-7f43127b4000 r--p 0017b000 08:01 3148038                    /usr/lib/x86_64-linux-gnu/libc-2.31.so
7f43127b4000-7f43127b8000 r--p 001c9000 08:01 3148038                    /usr/lib/x86_64-linux-gnu/libc-2.31.so
7f43127b8000-7f43127ba000 rw-p 001cd000 08:01 3148038                    /usr/lib/x86_64-linux-gnu/libc-2.31.so
7f43127ba000-7f43127be000 rw-p 00000000 00:00 0 
7f43127c2000-7f43127c3000 ---p 00000000 00:00 0 
7f43127c3000-7f43127c4000 r--p 00000000 00:00 0 
7f43127c4000-7f43127c9000 r--p 00000000 08:01 2752618                    /usr/lib/jvm/java-11-openjdk-amd64/lib/libverify.so
7f43127c9000-7f43127d0000 r-xp 00005000 08:01 2752618                    /usr/lib/jvm/java-11-openjdk-amd64/lib/libverify.so
7f43127d0000-7f43127d2000 r--p 0000c000 08:01 2752618                    /usr/lib/jvm/java-11-openjdk-amd64/lib/libverify.so
7f43127d2000-7f43127d3000 ---p 0000e000 08:01 2752618                    /usr/lib/jvm/java-11-openjdk-amd64/lib/libverify.so
7f43127d3000-7f43127d5000 r--p 0000e000 08:01 2752618                    /usr/lib/jvm/java-11-openjdk-amd64/lib/libverify.so
7f43127d5000-7f43127d6000 rw-p 00010000 08:01 2752618                    /usr/lib/jvm/java-11-openjdk-amd64/lib/libverify.so
7f43127d6000-7f43127d9000 r--p 00000000 08:01 2752584                    /usr/lib/jvm/java-11-openjdk-amd64/lib/jli/libjli.so
7f43127d9000-7f43127e3000 r-xp 00003000 08:01 2752584                    /usr/lib/jvm/java-11-openjdk-amd64/lib/jli/libjli.so
7f43127e3000-7f43127e6000 r--p 0000d000 08:01 2752584                    /usr/lib/jvm/java-11-openjdk-amd64/lib/jli/libjli.so
7f43127e6000-7f43127e7000 ---p 00010000 08:01 2752584                    /usr/lib/jvm/java-11-openjdk-amd64/lib/jli/libjli.so
7f43127e7000-7f43127e8000 r--p 00010000 08:01 2752584                    /usr/lib/jvm/java-11-openjdk-amd64/lib/jli/libjli.so
7f43127e8000-7f43127e9000 rw-p 00011000 08:01 2752584                    /usr/lib/jvm/java-11-openjdk-amd64/lib/jli/libjli.so
7f43127e9000-7f43127eb000 rw-p 00000000 00:00 0 
7f43127eb000-7f43127ec000 r--p 00000000 08:01 3147785                    /usr/lib/x86_64-linux-gnu/ld-2.31.so
7f43127ec000-7f431280c000 r-xp 00001000 08:01 3147785                    /usr/lib/x86_64-linux-gnu/ld-2.31.so
7f431280c000-7f4312814000 r--p 00021000 08:01 3147785                    /usr/lib/x86_64-linux-gnu/ld-2.31.so
7f4312815000-7f4312816000 r--p 00029000 08:01 3147785                    /usr/lib/x86_64-linux-gnu/ld-2.31.so
7f4312816000-7f4312817000 rw-p 0002a000 08:01 3147785                    /usr/lib/x86_64-linux-gnu/ld-2.31.so
7f4312817000-7f4312818000 rw-p 00000000 00:00 0 
7ffe7bd84000-7ffe7bda5000 rw-p 00000000 00:00 0                          [stack]
7ffe7bdc0000-7ffe7bdc4000 r--p 00000000 00:00 0                          [vvar]
7ffe7bdc4000-7ffe7bdc6000 r-xp 00000000 00:00 0                          [vdso]


VM Arguments:
jvm_args: -Dclassworlds.conf=/usr/share/maven/bin/m2.conf -Dmaven.home=/usr/share/maven -Dlibrary.jansi.path=/usr/share/maven/lib/jansi-native -Dmaven.multiModuleProjectDirectory=/home/guilherme/javeiro/api-de-controle-livros 
java_command: org.codehaus.plexus.classworlds.launcher.Launcher spring-boot:run
java_class_path (initial): /usr/share/maven/boot/plexus-classworlds-2.x.jar
Launcher Type: SUN_STANDARD

[Global flags]
     intx CICompilerCount                          = 2                                         {product} {ergonomic}
     uint ConcGCThreads                            = 1                                         {product} {ergonomic}
     uint G1ConcRefinementThreads                  = 2                                         {product} {ergonomic}
   size_t G1HeapRegionSize                         = 1048576                                   {product} {ergonomic}
    uintx GCDrainStackTargetSize                   = 64                                        {product} {ergonomic}
   size_t InitialHeapSize                          = 121634816                                 {product} {ergonomic}
   size_t MarkStackSize                            = 4194304                                   {product} {ergonomic}
   size_t MaxHeapSize                              = 1941962752                                {product} {ergonomic}
   size_t MaxNewSize                               = 1164967936                                {product} {ergonomic}
   size_t MinHeapDeltaBytes                        = 1048576                                   {product} {ergonomic}
    uintx NonNMethodCodeHeapSize                   = 5825164                                {pd product} {ergonomic}
    uintx NonProfiledCodeHeapSize                  = 122916538                              {pd product} {ergonomic}
    uintx ProfiledCodeHeapSize                     = 122916538                              {pd product} {ergonomic}
    uintx ReservedCodeCacheSize                    = 251658240                              {pd product} {ergonomic}
     bool SegmentedCodeCache                       = true                                      {product} {ergonomic}
     bool UseCompressedClassPointers               = true                                 {lp64_product} {ergonomic}
     bool UseCompressedOops                        = true                                 {lp64_product} {ergonomic}
     bool UseG1GC                                  = true                                      {product} {ergonomic}

Logging:
Log output configuration:
 #0: stdout all=warning uptime,level,tags
 #1: stderr all=off uptime,level,tags

Environment Variables:
JAVA_HOME=/usr/lib/jvm/java-11-openjdk-amd64
PATH=/usr/local/bin:/usr/bin:/bin:/usr/local/games:/usr/games:/sbin:/usr/sbin:/usr/lib/jvm/java-11-openjdk-amd64
SHELL=/bin/bash
DISPLAY=:0.0
LANG=pt_BR.UTF-8
TERM=xterm-256color

Signal Handlers:
SIGSEGV: [libjvm.so+0xe70930], sa_mask[0]=11111111011111111101111111111110, sa_flags=SA_RESTART|SA_SIGINFO
SIGBUS: [libjvm.so+0xe70930], sa_mask[0]=11111111011111111101111111111110, sa_flags=SA_RESTART|SA_SIGINFO
SIGFPE: [libjvm.so+0xe70930], sa_mask[0]=11111111011111111101111111111110, sa_flags=SA_RESTART|SA_SIGINFO
SIGPIPE: [libjvm.so+0xbc1d50], sa_mask[0]=11111111011111111101111111111110, sa_flags=SA_RESTART|SA_SIGINFO
SIGXFSZ: [libjvm.so+0xbc1d50], sa_mask[0]=11111111011111111101111111111110, sa_flags=SA_RESTART|SA_SIGINFO
SIGILL: [libjvm.so+0xe70930], sa_mask[0]=11111111011111111101111111111110, sa_flags=SA_RESTART|SA_SIGINFO
SIGUSR2: [libjvm.so+0xbc1bf0], sa_mask[0]=00000000000000000000000000000000, sa_flags=SA_RESTART|SA_SIGINFO
SIGHUP: [libjvm.so+0xbc1fd0], sa_mask[0]=11111111011111111101111111111110, sa_flags=SA_RESTART|SA_SIGINFO
SIGINT: [libjvm.so+0xbc1fd0], sa_mask[0]=11111111011111111101111111111110, sa_flags=SA_RESTART|SA_SIGINFO
SIGTERM: [libjvm.so+0xbc1fd0], sa_mask[0]=11111111011111111101111111111110, sa_flags=SA_RESTART|SA_SIGINFO
SIGQUIT: [libjvm.so+0xbc1fd0], sa_mask[0]=11111111011111111101111111111110, sa_flags=SA_RESTART|SA_SIGINFO


---------------  S Y S T E M  ---------------

OS:PRETTY_NAME="MX 21.3 Wildflower"
DISTRIB_ID=MX
DISTRIB_RELEASE=21.3
DISTRIB_CODENAME="Wildflower"
DISTRIB_DESCRIPTION="MX 21.3 Wildflower"
uname:Linux 5.10.0-23-amd64 #1 SMP Debian 5.10.179-1 (2023-05-12) x86_64
OS uptime: 0 days 4:49 hours
libc:glibc 2.31 NPTL 2.31 
rlimit (soft/hard): STACK 8192k/infinity , CORE 0k/infinity , NPROC 29279/29279 , NOFILE 4096/4096 , AS infinity/infinity , CPU infinity/infinity , DATA infinity/infinity , FSIZE infinity/infinity , MEMLOCK 64k/64k
load average:2,91 2,76 3,24

/proc/meminfo:
MemTotal:        7583888 kB
MemFree:          763460 kB
MemAvailable:    2970588 kB
Buffers:          328932 kB
Cached:          2130132 kB
SwapCached:           32 kB
Active:          1388764 kB
Inactive:        4960668 kB
Active(anon):       4936 kB
Inactive(anon):  4015172 kB
Active(file):    1383828 kB
Inactive(file):   945496 kB
Unevictable:       17232 kB
Mlocked:           17232 kB
SwapTotal:       8388604 kB
SwapFree:        8386544 kB
Dirty:               840 kB
Writeback:             0 kB
AnonPages:       3824808 kB
Mapped:          1023028 kB
Shmem:            122024 kB
KReclaimable:     183484 kB
Slab:             281128 kB
SReclaimable:     183484 kB
SUnreclaim:        97644 kB
KernelStack:       15536 kB
PageTables:        65592 kB
NFS_Unstable:          0 kB
Bounce:                0 kB
WritebackTmp:          0 kB
CommitLimit:    12180548 kB
Committed_AS:   11488776 kB
VmallocTotal:   34359738367 kB
VmallocUsed:       50504 kB
VmallocChunk:          0 kB
Percpu:              680 kB
HardwareCorrupted:     0 kB
AnonHugePages:   1191936 kB
ShmemHugePages:        0 kB
ShmemPmdMapped:        0 kB
FileHugePages:         0 kB
FilePmdMapped:         0 kB
HugePages_Total:       0
HugePages_Free:        0
HugePages_Rsvd:        0
HugePages_Surp:        0
Hugepagesize:       2048 kB
Hugetlb:               0 kB
DirectMap4k:      453156 kB
DirectMap2M:     7374848 kB
DirectMap1G:           0 kB

/sys/kernel/mm/transparent_hugepage/enabled:
[always] madvise never
/sys/kernel/mm/transparent_hugepage/defrag (defrag/compaction efforts parameter):
always defer defer+madvise [madvise] never

Process Memory:
Virtual Size: 4585636K (peak: 13312476K)
Resident Set Size: 450880K (peak: 450880K) (anon: 410312K, file: 40568K, shmem: 0K)
Swapped out: 0K
C-Heap outstanding allocations: 49786K, retained: 16709K
glibc malloc tunables: (default)

/proc/sys/kernel/threads-max (system-wide limit on the number of threads):
58559
/proc/sys/vm/max_map_count (maximum number of memory map areas a process may have):
65530
/proc/sys/kernel/pid_max (system-wide limit on number of process identifiers):
4194304

container (cgroup) information:
container_type: cgroupv1
cpu_cpuset_cpus: 0-1
cpu_memory_nodes: 0
active_processor_count: 2
cpu_quota: no quota
cpu_period: 100000
cpu_shares: no shares
memory_limit_in_bytes: unlimited
memory_and_swap_limit_in_bytes: unlimited
memory_soft_limit_in_bytes: unlimited
memory_usage_in_bytes: 5769296 k
memory_max_usage_in_bytes: 6400436 k
maximum number of tasks: unlimited
current number of tasks: 795

Steal ticks since vm start: 0
Steal ticks percentage since vm start:  0,000

CPU:total 2 (initial active 2) (2 cores per cpu, 1 threads per core) family 20 model 2 stepping 0 microcode 0x5000119, cmov, cx8, fxsr, mmx, sse, sse2, sse3, ssse3, popcnt, mmxext, 3dnowpref, lzcnt, sse4a, tsc, tscinvbit, tscinv
CPU Model and flags from /proc/cpuinfo:
model name	: AMD C-60 APU with Radeon(tm) HD Graphics
flags		: fpu vme de pse tsc msr pae mce cx8 apic sep mtrr pge mca cmov pat pse36 clflush mmx fxsr sse sse2 ht syscall nx mmxext fxsr_opt pdpe1gb rdtscp lm constant_tsc rep_good nopl nonstop_tsc cpuid extd_apicid aperfmperf pni monitor ssse3 cx16 popcnt lahf_lm cmp_legacy svm extapic cr8_legacy abm sse4a misalignsse 3dnowprefetch ibs skinit wdt cpb hw_pstate vmmcall arat npt lbrv svm_lock nrip_save pausefilter
Online cpus:
0-1
Offline cpus:

BIOS frequency limitation:
1000000
Frequency switch latency (ns):
0
Available cpu frequencies:
1000000 800000 
Current governor:
ondemand
Core performance/turbo boost:
1

Memory: 4k page, physical 7583888k(763460k free), swap 8388604k(8386544k free)

vm_info: OpenJDK 64-Bit Server VM (11.0.18+10-post-Debian-1deb11u1) for linux-amd64 JRE (11.0.18+10-post-Debian-1deb11u1), built on Jan 27 2023 14:52:45 by "unknown" with gcc 10.2.1 20210110

END.
